2022-05-18 12:41:41 - utils.py[line:263] - INFO: distributed init (rank 0): env://
2022-05-18 12:41:41 - utils.py[line:269] - INFO: Start init
2022-05-18 12:41:41 - distributed_c10d.py[line:187] - INFO: Added key: store_based_barrier_key:1 to store for rank: 0
2022-05-18 12:41:41 - utils.py[line:279] - INFO: initialized host heming-ng1 as rank 0
single-machine distributed training is initialized.
2022-05-18 12:41:44 - train.py[line:77] - INFO: {'_name': None, 'common': {'_name': None, 'no_progress_bar': False, 'log_interval': 1, 'log_format': 'simple', 'log_file': None, 'tensorboard_logdir': None, 'wandb_project': None, 'azureml_logging': False, 'seed': 1, 'cpu': False, 'tpu': False, 'bf16': False, 'memory_efficient_bf16': False, 'fp16': True, 'memory_efficient_fp16': False, 'fp16_no_flatten_grads': False, 'fp16_init_scale': 128, 'fp16_scale_window': 512, 'fp16_scale_tolerance': 0.0, 'on_cpu_convert_precision': False, 'min_loss_scale': 0.0001, 'threshold_loss_scale': None, 'amp': False, 'amp_batch_retries': 2, 'amp_init_scale': 128, 'amp_scale_window': None, 'user_dir': '../../ofa_module', 'empty_cache_freq': 0, 'all_gather_list_size': 16384, 'model_parallel_size': 1, 'quantization_config_path': None, 'profile': False, 'reset_logging': False, 'suppress_crashes': False, 'use_plasma_view': False, 'plasma_path': '/tmp/plasma', 'log_nvidia_smi': False}, 'common_eval': {'_name': None, 'path': None, 'post_process': None, 'quiet': False, 'model_overrides': '{}', 'results_path': None, 'is_moe': False}, 'distributed_training': {'_name': None, 'distributed_world_size': 1, 'distributed_num_procs': 1, 'distributed_rank': 0, 'distributed_backend': 'nccl', 'distributed_init_method': 'env://', 'distributed_port': -1, 'device_id': 0, 'distributed_no_spawn': True, 'ddp_backend': 'pytorch_ddp', 'ddp_comm_hook': 'none', 'bucket_cap_mb': 25, 'fix_batches_to_gpus': False, 'find_unused_parameters': True, 'gradient_as_bucket_view': False, 'fast_stat_sync': False, 'heartbeat_timeout': -1, 'broadcast_buffers': False, 'slowmo_momentum': None, 'slowmo_algorithm': 'LocalSGD', 'localsgd_frequency': 3, 'nprocs_per_node': 1, 'pipeline_model_parallel': False, 'pipeline_balance': None, 'pipeline_devices': None, 'pipeline_chunks': 0, 'pipeline_encoder_balance': None, 'pipeline_encoder_devices': None, 'pipeline_decoder_balance': None, 'pipeline_decoder_devices': None, 'pipeline_checkpoint': 'never', 'zero_sharding': 'none', 'fp16': True, 'memory_efficient_fp16': False, 'tpu': False, 'no_reshard_after_forward': False, 'fp32_reduce_scatter': False, 'cpu_offload': False, 'use_sharded_state': False}, 'dataset': {'_name': None, 'num_workers': 0, 'num_workers_valid': 0, 'skip_invalid_size_inputs_valid_test': False, 'max_tokens': None, 'batch_size': 8, 'required_batch_size_multiple': 8, 'required_seq_len_multiple': 1, 'dataset_impl': None, 'data_buffer_size': 10, 'train_subset': 'train', 'valid_subset': 'valid', 'combine_valid_subsets': None, 'ignore_unused_valid_subsets': False, 'validate_interval': 1, 'validate_interval_updates': 2000, 'validate_after_updates': 0, 'fixed_validation_seed': 7, 'disable_validation': False, 'max_tokens_valid': None, 'batch_size_valid': 8, 'max_valid_steps': None, 'curriculum': 0, 'gen_subset': 'test', 'num_shards': 1, 'shard_id': 0}, 'optimization': {'_name': None, 'max_epoch': 2, 'max_update': 0, 'stop_time_hours': 0.0, 'clip_norm': 0.0, 'sentence_avg': False, 'update_freq': [8], 'lr': [2e-05], 'stop_min_lr': -1.0, 'use_bmuf': False}, 'checkpoint': {'_name': None, 'save_dir': './moe_de_final_layer_stage1_checkpoints/2_0.06_2500_1_2e-5', 'restore_file': './moe_de_final_layer_stage1_checkpoints/2_0.06_2500_1_2e-5/checkpoint_last.pt', 'finetune_from_model': None, 'reset_dataloader': True, 'reset_lr_scheduler': False, 'reset_meters': True, 'reset_optimizer': True, 'optimizer_overrides': '{}', 'save_interval': 1, 'save_interval_updates': 2000, 'keep_interval_updates': -1, 'keep_interval_updates_pattern': -1, 'keep_last_epochs': -1, 'keep_best_checkpoints': 1, 'no_save': False, 'no_epoch_checkpoints': True, 'no_last_checkpoints': False, 'no_best_checkpoints': False, 'no_save_optimizer_state': False, 'no_save_optimizer_state_on_training_finished': False, 'symlink_best_and_last_checkpoints': False, 'best_checkpoint_metric': 'cider', 'maximize_best_checkpoint_metric': True, 'patience': -1, 'checkpoint_suffix': '', 'checkpoint_shard_count': 1, 'load_checkpoint_on_all_dp_ranks': False, 'write_checkpoints_asynchronously': False, 's3_upload_path': None, 'model_parallel_size': 1, 'use_ema_weights_to_init_param': False, 'use_latest_weights_to_init_ema': False}, 'bmuf': {'_name': None, 'block_lr': 1.0, 'block_momentum': 0.875, 'global_sync_iter': 50, 'warmup_iterations': 500, 'use_nbm': False, 'average_sync': False, 'distributed_world_size': 1}, 'generation': {'_name': None, 'beam': 5, 'nbest': 1, 'max_len_a': 0.0, 'max_len_b': 200, 'min_len': 1, 'match_source_len': False, 'unnormalized': False, 'no_early_stop': False, 'no_beamable_mm': False, 'lenpen': 1.0, 'unkpen': 0.0, 'replace_unk': None, 'sacrebleu': False, 'score_reference': False, 'prefix_size': 0, 'no_repeat_ngram_size': 0, 'sampling': False, 'sampling_topk': -1, 'sampling_topp': -1.0, 'constraints': None, 'temperature': 1.0, 'diverse_beam_groups': -1, 'diverse_beam_strength': 0.5, 'diversity_rate': -1.0, 'print_alignment': None, 'print_step': False, 'lm_path': None, 'lm_weight': 0.0, 'iter_decode_eos_penalty': 0.0, 'iter_decode_max_iter': 10, 'iter_decode_force_max_iter': False, 'iter_decode_with_beam': 1, 'iter_decode_with_external_reranker': False, 'retain_iter_history': False, 'retain_dropout': False, 'retain_dropout_modules': None, 'decoding_format': None, 'no_seed_provided': False}, 'eval_lm': {'_name': None, 'output_word_probs': False, 'output_word_stats': False, 'context_window': 0, 'softmax_batch': 9223372036854775807, 'stats_path': None, 'max_valid_steps': None}, 'interactive': {'_name': None, 'buffer_size': 0, 'input': '-'}, 'model': Namespace(_name='ofa_moe_base', activation_fn='gelu', adam_betas='(0.9,0.999)', adam_eps=1e-08, adaptive_softmax_cutoff=None, adaptive_softmax_dropout=0, add_type_embedding=True, all_gather_list_size=16384, alternate_ffn_embed_dim=0, amp=False, amp_batch_retries=2, amp_init_scale=128, amp_scale_window=None, arch='ofa_moe_base', attention_dropout=0.0, attn_scale_factor=2, azureml_logging=False, batch_size=8, batch_size_valid=8, best_checkpoint_metric='cider', bf16=False, block_wise=False, bpe=None, bpe_dir='../../utils/BPE', broadcast_buffers=False, bucket_cap_mb=25, checkpoint_shard_count=1, checkpoint_suffix='', clip_norm=0.0, code_dict_size=8192, code_image_size=128, code_layernorm_embedding=True, combine_valid_subsets=None, constraint_range=None, cpu=False, cpu_offload=False, criterion='adjust_label_smoothed_moe_cross_entropy', cross_self_attention=False, curriculum=0, data='../../dataset/caption_data/caption_stage1_train.tsv,../../dataset/caption_data/caption_val.tsv', data_buffer_size=10, dataset_impl=None, ddp_backend='pytorch_ddp', ddp_comm_hook='none', decoder_attention_heads=12, decoder_drop_path_rate=0.1, decoder_embed_dim=768, decoder_embed_path=None, decoder_ffn_embed_dim=3072, decoder_input_dim=768, decoder_layerdrop=0, decoder_layers=6, decoder_layers_to_keep=None, decoder_learned_pos=True, decoder_moe_freq=6, decoder_normalize_before=True, decoder_output_dim=768, device_id=0, disable_entangle=True, disable_validation=False, distributed_backend='nccl', distributed_init_method=None, distributed_no_spawn=False, distributed_num_procs=1, distributed_port=-1, distributed_rank=0, distributed_world_size=1, drop_worst_after=2500, drop_worst_ratio=0.2, dropout=0.1, ema_decay=0.9999, ema_fp32=False, ema_seed_model=None, ema_start_update=0, ema_update_freq=1, empty_cache_freq=0, encoder_attention_heads=12, encoder_drop_path_rate=0.1, encoder_embed_dim=768, encoder_embed_path=None, encoder_ffn_embed_dim=3072, encoder_layerdrop=0, encoder_layers=6, encoder_layers_to_keep=None, encoder_learned_pos=True, encoder_moe_freq=0, encoder_normalize_before=True, end_learning_rate=0.0, entangle_position_embedding=False, eos=2, eval_args='{"beam":1,"max_len_b":16,"no_repeat_ngram_size":3}', eval_bleu=False, eval_cider=True, eval_cider_cached_tokens='../../dataset/caption_data/cider_cached_tokens/coco-valid-words.p', eval_print_samples=False, fast_stat_sync=False, find_unused_parameters=True, finetune_from_model=None, fix_batches_to_gpus=False, fixed_validation_seed=7, force_anneal=None, fp16=True, fp16_adam_stats=False, fp16_init_scale=128, fp16_no_flatten_grads=False, fp16_scale_tolerance=0.0, fp16_scale_window=512, fp32_reduce_scatter=False, freeze_decoder_embedding=True, freeze_encoder_embedding=True, gen_subset='test', gradient_as_bucket_view=False, heartbeat_timeout=-1, ignore_eos=False, ignore_prefix_size=0, ignore_unused_valid_subsets=False, image_bucket_size=42, imagenet_default_mean_and_std=False, keep_best_checkpoints=1, keep_interval_updates=-1, keep_interval_updates_pattern=-1, keep_last_epochs=-1, label_smoothing=0.1, layernorm_embedding=True, load_checkpoint_on_all_dp_ranks=False, localsgd_frequency=3, log_file=None, log_format='simple', log_interval=1, log_nvidia_smi=False, lr=[2e-05], lr_scheduler='polynomial_decay', max_epoch=2, max_source_positions=1024, max_src_length=80, max_target_positions=1024, max_tgt_length=20, max_tokens=None, max_tokens_valid=None, max_update=0, max_valid_steps=None, maximize_best_checkpoint_metric=True, memory_efficient_bf16=False, memory_efficient_fp16=False, min_loss_scale=0.0001, min_params_to_wrap=100000000, model_parallel_size=1, moe_eval_capacity_token_fraction=0.25, moe_expert_count=4, moe_expert_ffn_dim=0, moe_freq=0, moe_gate_loss_combine_method='average', moe_gate_loss_transform='none', moe_gate_loss_wt=1.0, moe_gating_use_fp32=True, moe_normalize_expert_grad='', moe_normalize_gate_prob_before_dropping=True, moe_second_expert_policy='all', moe_top1_expert=True, no_best_checkpoints=False, no_cross_attention=False, no_epoch_checkpoints=True, no_last_checkpoints=False, no_progress_bar=False, no_reshard_after_forward=False, no_save=False, no_save_optimizer_state=False, no_save_optimizer_state_on_training_finished=False, no_scale_embedding=True, no_seed_provided=False, no_token_positional_embeddings=False, nprocs_per_node=1, num_bins=1000, num_shards=1, num_workers=0, num_workers_valid=0, on_cpu_convert_precision=False, optimizer='adam', optimizer_overrides='{}', pad=1, patch_image_size=480, patch_layernorm_embedding=True, patience=-1, pipeline_balance=None, pipeline_checkpoint='never', pipeline_chunks=0, pipeline_decoder_balance=None, pipeline_decoder_devices=None, pipeline_devices=None, pipeline_encoder_balance=None, pipeline_encoder_devices=None, pipeline_model_parallel=False, plasma_path='/tmp/plasma', pooler_activation_fn='tanh', pooler_classifier='mlp', pooler_dropout=0.0, power=1.0, profile=False, quant_noise_pq=0, quant_noise_pq_block_size=8, quant_noise_scalar=0, quantization_config_path=None, reg_alpha=1.0, relu_dropout=0.0, report_accuracy=False, required_batch_size_multiple=8, required_seq_len_multiple=1, reset_dataloader=True, reset_logging=False, reset_lr_scheduler=False, reset_meters=True, reset_optimizer=True, resnet_drop_path_rate=0.0, resnet_type='resnet101', restore_file='./moe_de_final_layer_stage1_checkpoints/2_0.06_2500_1_2e-5/checkpoint_last.pt', s3_upload_path=None, sample_patch_num=196, save_dir='./moe_de_final_layer_stage1_checkpoints/2_0.06_2500_1_2e-5', save_interval=1, save_interval_updates=2000, scale_attn=True, scale_fc=True, scale_heads=True, scale_resids=False, scoring='bleu', scst=False, scst_args='{}', seed=1, selected_cols='0,4,2', sentence_avg=False, shard_id=0, share_all_embeddings=True, share_decoder_input_output_embed=True, simul_type=None, skip_invalid_size_inputs_valid_test=False, slowmo_algorithm='LocalSGD', slowmo_momentum=None, stop_min_lr=-1.0, stop_time_hours=0, store_ema=False, suppress_crashes=False, symlink_best_and_last_checkpoints=False, sync_bn=False, task='caption', tensorboard_logdir=None, threshold_loss_scale=None, token_bucket_size=256, tokenizer=None, total_num_update=1000000, tpu=False, train_subset='train', unk=3, update_freq=[8], use_bmuf=False, use_ema_weights_to_init_param=False, use_latest_weights_to_init_ema=False, use_moe_pad_mask=True, use_old_adam=False, use_plasma_view=False, use_rdrop=False, use_sharded_state=False, user_dir='../../ofa_module', valid_subset='valid', validate_after_updates=0, validate_interval=1, validate_interval_updates=2000, wandb_project=None, warmup_ratio=0.06, warmup_updates=0, weight_decay=0.01, write_checkpoints_asynchronously=False, zero_sharding='none'), 'task': {'_name': 'caption', 'data': '../../dataset/caption_data/caption_stage1_train.tsv,../../dataset/caption_data/caption_val.tsv', 'selected_cols': '0,4,2', 'bpe_dir': '../../utils/BPE', 'max_source_positions': 1024, 'max_target_positions': 1024, 'max_src_length': 80, 'max_tgt_length': 20, 'code_dict_size': 8192, 'patch_image_size': 480, 'num_bins': 1000, 'imagenet_default_mean_and_std': False, 'constraint_range': None, 'eval_bleu': False, 'eval_cider': True, 'eval_args': '{"beam":1,"max_len_b":16,"no_repeat_ngram_size":3}', 'eval_print_samples': False, 'eval_cider_cached_tokens': '../../dataset/caption_data/cider_cached_tokens/coco-valid-words.p', 'scst': False, 'scst_args': '{}'}, 'criterion': {'_name': 'adjust_label_smoothed_moe_cross_entropy', 'label_smoothing': 0.1, 'report_accuracy': False, 'ignore_prefix_size': 0, 'ignore_eos': False, 'sentence_avg': False, 'drop_worst_ratio': 0.2, 'drop_worst_after': 2500, 'use_rdrop': False, 'reg_alpha': 1.0, 'sample_patch_num': 196, 'constraint_range': None, 'moe_gate_loss_wt': 1.0, 'moe_gate_loss_combine_method': 'average', 'moe_gate_loss_transform': 'none'}, 'optimizer': {'_name': 'adam', 'adam_betas': '(0.9,0.999)', 'adam_eps': 1e-08, 'weight_decay': 0.01, 'use_old_adam': False, 'fp16_adam_stats': False, 'tpu': False, 'lr': [2e-05], 'block_wise': False}, 'lr_scheduler': {'_name': 'polynomial_decay', 'warmup_updates': 0, 'warmup_ratio': 0.06, 'force_anneal': None, 'end_learning_rate': 0.0, 'power': 1.0, 'total_num_update': 1000000.0, 'lr': [2e-05]}, 'scoring': {'_name': 'bleu', 'pad': 1, 'eos': 2, 'unk': 3}, 'bpe': None, 'tokenizer': None, 'ema': {'_name': None, 'store_ema': False, 'ema_decay': 0.9999, 'ema_start_update': 0, 'ema_seed_model': None, 'ema_update_freq': 1, 'ema_fp32': False}, 'simul_type': None}
2022-05-18 12:41:44 - ofa_task.py[line:103] - INFO: source dictionary: 59457 types
2022-05-18 12:41:44 - ofa_task.py[line:104] - INFO: target dictionary: 59457 types
2022-05-18 12:41:47 - distributed_c10d.py[line:187] - INFO: Added key: store_based_barrier_key:2 to store for rank: 0
2022-05-18 12:41:47 - distributed_c10d.py[line:187] - INFO: Added key: store_based_barrier_key:3 to store for rank: 0
2022-05-18 12:41:47 - distributed_c10d.py[line:187] - INFO: Added key: store_based_barrier_key:4 to store for rank: 0
2022-05-18 12:41:50 - train.py[line:108] - INFO: OFAModel(
  (encoder): TransformerEncoder(
    (dropout_module): FairseqDropout()
    (embed_tokens): Embedding(59457, 768, padding_idx=1)
    (layernorm_embedding): FusedLayerNorm(torch.Size([768]), eps=1e-05, elementwise_affine=True)
    (type_embedding): Embedding(2, 768)
    (embed_images): ResNet(
      (conv1): Conv2d(3, 64, kernel_size=(7, 7), stride=(2, 2), padding=(3, 3), bias=False)
      (bn1): BatchNorm2d(64, eps=1e-05, momentum=0.1, affine=True, track_running_stats=True)
      (relu): ReLU(inplace=True)
      (maxpool): MaxPool2d(kernel_size=3, stride=2, padding=1, dilation=1, ceil_mode=False)
      (layer1): Sequential(
        (0): Bottleneck(
          (conv1): Conv2d(64, 64, kernel_size=(1, 1), stride=(1, 1), bias=False)
          (bn1): BatchNorm2d(64, eps=1e-05, momentum=0.1, affine=True, track_running_stats=True)
          (conv2): Conv2d(64, 64, kernel_size=(3, 3), stride=(1, 1), padding=(1, 1), bias=False)
          (bn2): BatchNorm2d(64, eps=1e-05, momentum=0.1, affine=True, track_running_stats=True)
          (conv3): Conv2d(64, 256, kernel_size=(1, 1), stride=(1, 1), bias=False)
          (bn3): BatchNorm2d(256, eps=1e-05, momentum=0.1, affine=True, track_running_stats=True)
          (relu): ReLU(inplace=True)
          (downsample): Sequential(
            (0): Conv2d(64, 256, kernel_size=(1, 1), stride=(1, 1), bias=False)
            (1): BatchNorm2d(256, eps=1e-05, momentum=0.1, affine=True, track_running_stats=True)
          )
          (drop_path): Identity()
        )
        (1): Bottleneck(
          (conv1): Conv2d(256, 64, kernel_size=(1, 1), stride=(1, 1), bias=False)
          (bn1): BatchNorm2d(64, eps=1e-05, momentum=0.1, affine=True, track_running_stats=True)
          (conv2): Conv2d(64, 64, kernel_size=(3, 3), stride=(1, 1), padding=(1, 1), bias=False)
          (bn2): BatchNorm2d(64, eps=1e-05, momentum=0.1, affine=True, track_running_stats=True)
          (conv3): Conv2d(64, 256, kernel_size=(1, 1), stride=(1, 1), bias=False)
          (bn3): BatchNorm2d(256, eps=1e-05, momentum=0.1, affine=True, track_running_stats=True)
          (relu): ReLU(inplace=True)
          (drop_path): Identity()
        )
        (2): Bottleneck(
          (conv1): Conv2d(256, 64, kernel_size=(1, 1), stride=(1, 1), bias=False)
          (bn1): BatchNorm2d(64, eps=1e-05, momentum=0.1, affine=True, track_running_stats=True)
          (conv2): Conv2d(64, 64, kernel_size=(3, 3), stride=(1, 1), padding=(1, 1), bias=False)
          (bn2): BatchNorm2d(64, eps=1e-05, momentum=0.1, affine=True, track_running_stats=True)
          (conv3): Conv2d(64, 256, kernel_size=(1, 1), stride=(1, 1), bias=False)
          (bn3): BatchNorm2d(256, eps=1e-05, momentum=0.1, affine=True, track_running_stats=True)
          (relu): ReLU(inplace=True)
          (drop_path): Identity()
        )
      )
      (layer2): Sequential(
        (0): Bottleneck(
          (conv1): Conv2d(256, 128, kernel_size=(1, 1), stride=(1, 1), bias=False)
          (bn1): BatchNorm2d(128, eps=1e-05, momentum=0.1, affine=True, track_running_stats=True)
          (conv2): Conv2d(128, 128, kernel_size=(3, 3), stride=(2, 2), padding=(1, 1), bias=False)
          (bn2): BatchNorm2d(128, eps=1e-05, momentum=0.1, affine=True, track_running_stats=True)
          (conv3): Conv2d(128, 512, kernel_size=(1, 1), stride=(1, 1), bias=False)
          (bn3): BatchNorm2d(512, eps=1e-05, momentum=0.1, affine=True, track_running_stats=True)
          (relu): ReLU(inplace=True)
          (downsample): Sequential(
            (0): Conv2d(256, 512, kernel_size=(1, 1), stride=(2, 2), bias=False)
            (1): BatchNorm2d(512, eps=1e-05, momentum=0.1, affine=True, track_running_stats=True)
          )
          (drop_path): Identity()
        )
        (1): Bottleneck(
          (conv1): Conv2d(512, 128, kernel_size=(1, 1), stride=(1, 1), bias=False)
          (bn1): BatchNorm2d(128, eps=1e-05, momentum=0.1, affine=True, track_running_stats=True)
          (conv2): Conv2d(128, 128, kernel_size=(3, 3), stride=(1, 1), padding=(1, 1), bias=False)
          (bn2): BatchNorm2d(128, eps=1e-05, momentum=0.1, affine=True, track_running_stats=True)
          (conv3): Conv2d(128, 512, kernel_size=(1, 1), stride=(1, 1), bias=False)
          (bn3): BatchNorm2d(512, eps=1e-05, momentum=0.1, affine=True, track_running_stats=True)
          (relu): ReLU(inplace=True)
          (drop_path): Identity()
        )
        (2): Bottleneck(
          (conv1): Conv2d(512, 128, kernel_size=(1, 1), stride=(1, 1), bias=False)
          (bn1): BatchNorm2d(128, eps=1e-05, momentum=0.1, affine=True, track_running_stats=True)
          (conv2): Conv2d(128, 128, kernel_size=(3, 3), stride=(1, 1), padding=(1, 1), bias=False)
          (bn2): BatchNorm2d(128, eps=1e-05, momentum=0.1, affine=True, track_running_stats=True)
          (conv3): Conv2d(128, 512, kernel_size=(1, 1), stride=(1, 1), bias=False)
          (bn3): BatchNorm2d(512, eps=1e-05, momentum=0.1, affine=True, track_running_stats=True)
          (relu): ReLU(inplace=True)
          (drop_path): Identity()
        )
        (3): Bottleneck(
          (conv1): Conv2d(512, 128, kernel_size=(1, 1), stride=(1, 1), bias=False)
          (bn1): BatchNorm2d(128, eps=1e-05, momentum=0.1, affine=True, track_running_stats=True)
          (conv2): Conv2d(128, 128, kernel_size=(3, 3), stride=(1, 1), padding=(1, 1), bias=False)
          (bn2): BatchNorm2d(128, eps=1e-05, momentum=0.1, affine=True, track_running_stats=True)
          (conv3): Conv2d(128, 512, kernel_size=(1, 1), stride=(1, 1), bias=False)
          (bn3): BatchNorm2d(512, eps=1e-05, momentum=0.1, affine=True, track_running_stats=True)
          (relu): ReLU(inplace=True)
          (drop_path): Identity()
        )
      )
      (layer3): Sequential(
        (0): Bottleneck(
          (conv1): Conv2d(512, 256, kernel_size=(1, 1), stride=(1, 1), bias=False)
          (bn1): BatchNorm2d(256, eps=1e-05, momentum=0.1, affine=True, track_running_stats=True)
          (conv2): Conv2d(256, 256, kernel_size=(3, 3), stride=(2, 2), padding=(1, 1), bias=False)
          (bn2): BatchNorm2d(256, eps=1e-05, momentum=0.1, affine=True, track_running_stats=True)
          (conv3): Conv2d(256, 1024, kernel_size=(1, 1), stride=(1, 1), bias=False)
          (bn3): BatchNorm2d(1024, eps=1e-05, momentum=0.1, affine=True, track_running_stats=True)
          (relu): ReLU(inplace=True)
          (downsample): Sequential(
            (0): Conv2d(512, 1024, kernel_size=(1, 1), stride=(2, 2), bias=False)
            (1): BatchNorm2d(1024, eps=1e-05, momentum=0.1, affine=True, track_running_stats=True)
          )
          (drop_path): Identity()
        )
        (1): Bottleneck(
          (conv1): Conv2d(1024, 256, kernel_size=(1, 1), stride=(1, 1), bias=False)
          (bn1): BatchNorm2d(256, eps=1e-05, momentum=0.1, affine=True, track_running_stats=True)
          (conv2): Conv2d(256, 256, kernel_size=(3, 3), stride=(1, 1), padding=(1, 1), bias=False)
          (bn2): BatchNorm2d(256, eps=1e-05, momentum=0.1, affine=True, track_running_stats=True)
          (conv3): Conv2d(256, 1024, kernel_size=(1, 1), stride=(1, 1), bias=False)
          (bn3): BatchNorm2d(1024, eps=1e-05, momentum=0.1, affine=True, track_running_stats=True)
          (relu): ReLU(inplace=True)
          (drop_path): Identity()
        )
        (2): Bottleneck(
          (conv1): Conv2d(1024, 256, kernel_size=(1, 1), stride=(1, 1), bias=False)
          (bn1): BatchNorm2d(256, eps=1e-05, momentum=0.1, affine=True, track_running_stats=True)
          (conv2): Conv2d(256, 256, kernel_size=(3, 3), stride=(1, 1), padding=(1, 1), bias=False)
          (bn2): BatchNorm2d(256, eps=1e-05, momentum=0.1, affine=True, track_running_stats=True)
          (conv3): Conv2d(256, 1024, kernel_size=(1, 1), stride=(1, 1), bias=False)
          (bn3): BatchNorm2d(1024, eps=1e-05, momentum=0.1, affine=True, track_running_stats=True)
          (relu): ReLU(inplace=True)
          (drop_path): Identity()
        )
        (3): Bottleneck(
          (conv1): Conv2d(1024, 256, kernel_size=(1, 1), stride=(1, 1), bias=False)
          (bn1): BatchNorm2d(256, eps=1e-05, momentum=0.1, affine=True, track_running_stats=True)
          (conv2): Conv2d(256, 256, kernel_size=(3, 3), stride=(1, 1), padding=(1, 1), bias=False)
          (bn2): BatchNorm2d(256, eps=1e-05, momentum=0.1, affine=True, track_running_stats=True)
          (conv3): Conv2d(256, 1024, kernel_size=(1, 1), stride=(1, 1), bias=False)
          (bn3): BatchNorm2d(1024, eps=1e-05, momentum=0.1, affine=True, track_running_stats=True)
          (relu): ReLU(inplace=True)
          (drop_path): Identity()
        )
        (4): Bottleneck(
          (conv1): Conv2d(1024, 256, kernel_size=(1, 1), stride=(1, 1), bias=False)
          (bn1): BatchNorm2d(256, eps=1e-05, momentum=0.1, affine=True, track_running_stats=True)
          (conv2): Conv2d(256, 256, kernel_size=(3, 3), stride=(1, 1), padding=(1, 1), bias=False)
          (bn2): BatchNorm2d(256, eps=1e-05, momentum=0.1, affine=True, track_running_stats=True)
          (conv3): Conv2d(256, 1024, kernel_size=(1, 1), stride=(1, 1), bias=False)
          (bn3): BatchNorm2d(1024, eps=1e-05, momentum=0.1, affine=True, track_running_stats=True)
          (relu): ReLU(inplace=True)
          (drop_path): Identity()
        )
        (5): Bottleneck(
          (conv1): Conv2d(1024, 256, kernel_size=(1, 1), stride=(1, 1), bias=False)
          (bn1): BatchNorm2d(256, eps=1e-05, momentum=0.1, affine=True, track_running_stats=True)
          (conv2): Conv2d(256, 256, kernel_size=(3, 3), stride=(1, 1), padding=(1, 1), bias=False)
          (bn2): BatchNorm2d(256, eps=1e-05, momentum=0.1, affine=True, track_running_stats=True)
          (conv3): Conv2d(256, 1024, kernel_size=(1, 1), stride=(1, 1), bias=False)
          (bn3): BatchNorm2d(1024, eps=1e-05, momentum=0.1, affine=True, track_running_stats=True)
          (relu): ReLU(inplace=True)
          (drop_path): Identity()
        )
        (6): Bottleneck(
          (conv1): Conv2d(1024, 256, kernel_size=(1, 1), stride=(1, 1), bias=False)
          (bn1): BatchNorm2d(256, eps=1e-05, momentum=0.1, affine=True, track_running_stats=True)
          (conv2): Conv2d(256, 256, kernel_size=(3, 3), stride=(1, 1), padding=(1, 1), bias=False)
          (bn2): BatchNorm2d(256, eps=1e-05, momentum=0.1, affine=True, track_running_stats=True)
          (conv3): Conv2d(256, 1024, kernel_size=(1, 1), stride=(1, 1), bias=False)
          (bn3): BatchNorm2d(1024, eps=1e-05, momentum=0.1, affine=True, track_running_stats=True)
          (relu): ReLU(inplace=True)
          (drop_path): Identity()
        )
        (7): Bottleneck(
          (conv1): Conv2d(1024, 256, kernel_size=(1, 1), stride=(1, 1), bias=False)
          (bn1): BatchNorm2d(256, eps=1e-05, momentum=0.1, affine=True, track_running_stats=True)
          (conv2): Conv2d(256, 256, kernel_size=(3, 3), stride=(1, 1), padding=(1, 1), bias=False)
          (bn2): BatchNorm2d(256, eps=1e-05, momentum=0.1, affine=True, track_running_stats=True)
          (conv3): Conv2d(256, 1024, kernel_size=(1, 1), stride=(1, 1), bias=False)
          (bn3): BatchNorm2d(1024, eps=1e-05, momentum=0.1, affine=True, track_running_stats=True)
          (relu): ReLU(inplace=True)
          (drop_path): Identity()
        )
        (8): Bottleneck(
          (conv1): Conv2d(1024, 256, kernel_size=(1, 1), stride=(1, 1), bias=False)
          (bn1): BatchNorm2d(256, eps=1e-05, momentum=0.1, affine=True, track_running_stats=True)
          (conv2): Conv2d(256, 256, kernel_size=(3, 3), stride=(1, 1), padding=(1, 1), bias=False)
          (bn2): BatchNorm2d(256, eps=1e-05, momentum=0.1, affine=True, track_running_stats=True)
          (conv3): Conv2d(256, 1024, kernel_size=(1, 1), stride=(1, 1), bias=False)
          (bn3): BatchNorm2d(1024, eps=1e-05, momentum=0.1, affine=True, track_running_stats=True)
          (relu): ReLU(inplace=True)
          (drop_path): Identity()
        )
        (9): Bottleneck(
          (conv1): Conv2d(1024, 256, kernel_size=(1, 1), stride=(1, 1), bias=False)
          (bn1): BatchNorm2d(256, eps=1e-05, momentum=0.1, affine=True, track_running_stats=True)
          (conv2): Conv2d(256, 256, kernel_size=(3, 3), stride=(1, 1), padding=(1, 1), bias=False)
          (bn2): BatchNorm2d(256, eps=1e-05, momentum=0.1, affine=True, track_running_stats=True)
          (conv3): Conv2d(256, 1024, kernel_size=(1, 1), stride=(1, 1), bias=False)
          (bn3): BatchNorm2d(1024, eps=1e-05, momentum=0.1, affine=True, track_running_stats=True)
          (relu): ReLU(inplace=True)
          (drop_path): Identity()
        )
        (10): Bottleneck(
          (conv1): Conv2d(1024, 256, kernel_size=(1, 1), stride=(1, 1), bias=False)
          (bn1): BatchNorm2d(256, eps=1e-05, momentum=0.1, affine=True, track_running_stats=True)
          (conv2): Conv2d(256, 256, kernel_size=(3, 3), stride=(1, 1), padding=(1, 1), bias=False)
          (bn2): BatchNorm2d(256, eps=1e-05, momentum=0.1, affine=True, track_running_stats=True)
          (conv3): Conv2d(256, 1024, kernel_size=(1, 1), stride=(1, 1), bias=False)
          (bn3): BatchNorm2d(1024, eps=1e-05, momentum=0.1, affine=True, track_running_stats=True)
          (relu): ReLU(inplace=True)
          (drop_path): Identity()
        )
        (11): Bottleneck(
          (conv1): Conv2d(1024, 256, kernel_size=(1, 1), stride=(1, 1), bias=False)
          (bn1): BatchNorm2d(256, eps=1e-05, momentum=0.1, affine=True, track_running_stats=True)
          (conv2): Conv2d(256, 256, kernel_size=(3, 3), stride=(1, 1), padding=(1, 1), bias=False)
          (bn2): BatchNorm2d(256, eps=1e-05, momentum=0.1, affine=True, track_running_stats=True)
          (conv3): Conv2d(256, 1024, kernel_size=(1, 1), stride=(1, 1), bias=False)
          (bn3): BatchNorm2d(1024, eps=1e-05, momentum=0.1, affine=True, track_running_stats=True)
          (relu): ReLU(inplace=True)
          (drop_path): Identity()
        )
        (12): Bottleneck(
          (conv1): Conv2d(1024, 256, kernel_size=(1, 1), stride=(1, 1), bias=False)
          (bn1): BatchNorm2d(256, eps=1e-05, momentum=0.1, affine=True, track_running_stats=True)
          (conv2): Conv2d(256, 256, kernel_size=(3, 3), stride=(1, 1), padding=(1, 1), bias=False)
          (bn2): BatchNorm2d(256, eps=1e-05, momentum=0.1, affine=True, track_running_stats=True)
          (conv3): Conv2d(256, 1024, kernel_size=(1, 1), stride=(1, 1), bias=False)
          (bn3): BatchNorm2d(1024, eps=1e-05, momentum=0.1, affine=True, track_running_stats=True)
          (relu): ReLU(inplace=True)
          (drop_path): Identity()
        )
        (13): Bottleneck(
          (conv1): Conv2d(1024, 256, kernel_size=(1, 1), stride=(1, 1), bias=False)
          (bn1): BatchNorm2d(256, eps=1e-05, momentum=0.1, affine=True, track_running_stats=True)
          (conv2): Conv2d(256, 256, kernel_size=(3, 3), stride=(1, 1), padding=(1, 1), bias=False)
          (bn2): BatchNorm2d(256, eps=1e-05, momentum=0.1, affine=True, track_running_stats=True)
          (conv3): Conv2d(256, 1024, kernel_size=(1, 1), stride=(1, 1), bias=False)
          (bn3): BatchNorm2d(1024, eps=1e-05, momentum=0.1, affine=True, track_running_stats=True)
          (relu): ReLU(inplace=True)
          (drop_path): Identity()
        )
        (14): Bottleneck(
          (conv1): Conv2d(1024, 256, kernel_size=(1, 1), stride=(1, 1), bias=False)
          (bn1): BatchNorm2d(256, eps=1e-05, momentum=0.1, affine=True, track_running_stats=True)
          (conv2): Conv2d(256, 256, kernel_size=(3, 3), stride=(1, 1), padding=(1, 1), bias=False)
          (bn2): BatchNorm2d(256, eps=1e-05, momentum=0.1, affine=True, track_running_stats=True)
          (conv3): Conv2d(256, 1024, kernel_size=(1, 1), stride=(1, 1), bias=False)
          (bn3): BatchNorm2d(1024, eps=1e-05, momentum=0.1, affine=True, track_running_stats=True)
          (relu): ReLU(inplace=True)
          (drop_path): Identity()
        )
        (15): Bottleneck(
          (conv1): Conv2d(1024, 256, kernel_size=(1, 1), stride=(1, 1), bias=False)
          (bn1): BatchNorm2d(256, eps=1e-05, momentum=0.1, affine=True, track_running_stats=True)
          (conv2): Conv2d(256, 256, kernel_size=(3, 3), stride=(1, 1), padding=(1, 1), bias=False)
          (bn2): BatchNorm2d(256, eps=1e-05, momentum=0.1, affine=True, track_running_stats=True)
          (conv3): Conv2d(256, 1024, kernel_size=(1, 1), stride=(1, 1), bias=False)
          (bn3): BatchNorm2d(1024, eps=1e-05, momentum=0.1, affine=True, track_running_stats=True)
          (relu): ReLU(inplace=True)
          (drop_path): Identity()
        )
        (16): Bottleneck(
          (conv1): Conv2d(1024, 256, kernel_size=(1, 1), stride=(1, 1), bias=False)
          (bn1): BatchNorm2d(256, eps=1e-05, momentum=0.1, affine=True, track_running_stats=True)
          (conv2): Conv2d(256, 256, kernel_size=(3, 3), stride=(1, 1), padding=(1, 1), bias=False)
          (bn2): BatchNorm2d(256, eps=1e-05, momentum=0.1, affine=True, track_running_stats=True)
          (conv3): Conv2d(256, 1024, kernel_size=(1, 1), stride=(1, 1), bias=False)
          (bn3): BatchNorm2d(1024, eps=1e-05, momentum=0.1, affine=True, track_running_stats=True)
          (relu): ReLU(inplace=True)
          (drop_path): Identity()
        )
        (17): Bottleneck(
          (conv1): Conv2d(1024, 256, kernel_size=(1, 1), stride=(1, 1), bias=False)
          (bn1): BatchNorm2d(256, eps=1e-05, momentum=0.1, affine=True, track_running_stats=True)
          (conv2): Conv2d(256, 256, kernel_size=(3, 3), stride=(1, 1), padding=(1, 1), bias=False)
          (bn2): BatchNorm2d(256, eps=1e-05, momentum=0.1, affine=True, track_running_stats=True)
          (conv3): Conv2d(256, 1024, kernel_size=(1, 1), stride=(1, 1), bias=False)
          (bn3): BatchNorm2d(1024, eps=1e-05, momentum=0.1, affine=True, track_running_stats=True)
          (relu): ReLU(inplace=True)
          (drop_path): Identity()
        )
        (18): Bottleneck(
          (conv1): Conv2d(1024, 256, kernel_size=(1, 1), stride=(1, 1), bias=False)
          (bn1): BatchNorm2d(256, eps=1e-05, momentum=0.1, affine=True, track_running_stats=True)
          (conv2): Conv2d(256, 256, kernel_size=(3, 3), stride=(1, 1), padding=(1, 1), bias=False)
          (bn2): BatchNorm2d(256, eps=1e-05, momentum=0.1, affine=True, track_running_stats=True)
          (conv3): Conv2d(256, 1024, kernel_size=(1, 1), stride=(1, 1), bias=False)
          (bn3): BatchNorm2d(1024, eps=1e-05, momentum=0.1, affine=True, track_running_stats=True)
          (relu): ReLU(inplace=True)
          (drop_path): Identity()
        )
        (19): Bottleneck(
          (conv1): Conv2d(1024, 256, kernel_size=(1, 1), stride=(1, 1), bias=False)
          (bn1): BatchNorm2d(256, eps=1e-05, momentum=0.1, affine=True, track_running_stats=True)
          (conv2): Conv2d(256, 256, kernel_size=(3, 3), stride=(1, 1), padding=(1, 1), bias=False)
          (bn2): BatchNorm2d(256, eps=1e-05, momentum=0.1, affine=True, track_running_stats=True)
          (conv3): Conv2d(256, 1024, kernel_size=(1, 1), stride=(1, 1), bias=False)
          (bn3): BatchNorm2d(1024, eps=1e-05, momentum=0.1, affine=True, track_running_stats=True)
          (relu): ReLU(inplace=True)
          (drop_path): Identity()
        )
        (20): Bottleneck(
          (conv1): Conv2d(1024, 256, kernel_size=(1, 1), stride=(1, 1), bias=False)
          (bn1): BatchNorm2d(256, eps=1e-05, momentum=0.1, affine=True, track_running_stats=True)
          (conv2): Conv2d(256, 256, kernel_size=(3, 3), stride=(1, 1), padding=(1, 1), bias=False)
          (bn2): BatchNorm2d(256, eps=1e-05, momentum=0.1, affine=True, track_running_stats=True)
          (conv3): Conv2d(256, 1024, kernel_size=(1, 1), stride=(1, 1), bias=False)
          (bn3): BatchNorm2d(1024, eps=1e-05, momentum=0.1, affine=True, track_running_stats=True)
          (relu): ReLU(inplace=True)
          (drop_path): Identity()
        )
        (21): Bottleneck(
          (conv1): Conv2d(1024, 256, kernel_size=(1, 1), stride=(1, 1), bias=False)
          (bn1): BatchNorm2d(256, eps=1e-05, momentum=0.1, affine=True, track_running_stats=True)
          (conv2): Conv2d(256, 256, kernel_size=(3, 3), stride=(1, 1), padding=(1, 1), bias=False)
          (bn2): BatchNorm2d(256, eps=1e-05, momentum=0.1, affine=True, track_running_stats=True)
          (conv3): Conv2d(256, 1024, kernel_size=(1, 1), stride=(1, 1), bias=False)
          (bn3): BatchNorm2d(1024, eps=1e-05, momentum=0.1, affine=True, track_running_stats=True)
          (relu): ReLU(inplace=True)
          (drop_path): Identity()
        )
        (22): Bottleneck(
          (conv1): Conv2d(1024, 256, kernel_size=(1, 1), stride=(1, 1), bias=False)
          (bn1): BatchNorm2d(256, eps=1e-05, momentum=0.1, affine=True, track_running_stats=True)
          (conv2): Conv2d(256, 256, kernel_size=(3, 3), stride=(1, 1), padding=(1, 1), bias=False)
          (bn2): BatchNorm2d(256, eps=1e-05, momentum=0.1, affine=True, track_running_stats=True)
          (conv3): Conv2d(256, 1024, kernel_size=(1, 1), stride=(1, 1), bias=False)
          (bn3): BatchNorm2d(1024, eps=1e-05, momentum=0.1, affine=True, track_running_stats=True)
          (relu): ReLU(inplace=True)
          (drop_path): Identity()
        )
      )
    )
    (image_proj): Linear(in_features=1024, out_features=768, bias=True)
    (patch_layernorm_embedding): FusedLayerNorm(torch.Size([768]), eps=1e-05, elementwise_affine=True)
    (embed_positions): Embedding(1026, 768)
    (embed_image_positions): Embedding(1765, 768)
    (pos_ln): FusedLayerNorm(torch.Size([768]), eps=1e-05, elementwise_affine=True)
    (image_pos_ln): FusedLayerNorm(torch.Size([768]), eps=1e-05, elementwise_affine=True)
    (pos_q_linear): Linear(in_features=768, out_features=768, bias=True)
    (pos_k_linear): Linear(in_features=768, out_features=768, bias=True)
    (layers): ModuleList(
      (0): TransformerEncoderLayer(
        (self_attn): MultiheadAttention(
          (dropout_module): FairseqDropout()
          (k_proj): Linear(in_features=768, out_features=768, bias=True)
          (v_proj): Linear(in_features=768, out_features=768, bias=True)
          (q_proj): Linear(in_features=768, out_features=768, bias=True)
          (out_proj): Linear(in_features=768, out_features=768, bias=True)
        )
        (self_attn_layer_norm): FusedLayerNorm(torch.Size([768]), eps=1e-05, elementwise_affine=True)
        (dropout_module): FairseqDropout()
        (activation_dropout_module): FairseqDropout()
        (fc1): Linear(in_features=768, out_features=3072, bias=True)
        (fc2): Linear(in_features=3072, out_features=768, bias=True)
        (attn_ln): FusedLayerNorm(torch.Size([768]), eps=1e-05, elementwise_affine=True)
        (ffn_layernorm): FusedLayerNorm(torch.Size([3072]), eps=1e-05, elementwise_affine=True)
        (final_layer_norm): FusedLayerNorm(torch.Size([768]), eps=1e-05, elementwise_affine=True)
        (drop_path): Identity()
      )
      (1): TransformerEncoderLayer(
        (self_attn): MultiheadAttention(
          (dropout_module): FairseqDropout()
          (k_proj): Linear(in_features=768, out_features=768, bias=True)
          (v_proj): Linear(in_features=768, out_features=768, bias=True)
          (q_proj): Linear(in_features=768, out_features=768, bias=True)
          (out_proj): Linear(in_features=768, out_features=768, bias=True)
        )
        (self_attn_layer_norm): FusedLayerNorm(torch.Size([768]), eps=1e-05, elementwise_affine=True)
        (dropout_module): FairseqDropout()
        (activation_dropout_module): FairseqDropout()
        (fc1): Linear(in_features=768, out_features=3072, bias=True)
        (fc2): Linear(in_features=3072, out_features=768, bias=True)
        (attn_ln): FusedLayerNorm(torch.Size([768]), eps=1e-05, elementwise_affine=True)
        (ffn_layernorm): FusedLayerNorm(torch.Size([3072]), eps=1e-05, elementwise_affine=True)
        (final_layer_norm): FusedLayerNorm(torch.Size([768]), eps=1e-05, elementwise_affine=True)
        (drop_path): Identity()
      )
      (2): TransformerEncoderLayer(
        (self_attn): MultiheadAttention(
          (dropout_module): FairseqDropout()
          (k_proj): Linear(in_features=768, out_features=768, bias=True)
          (v_proj): Linear(in_features=768, out_features=768, bias=True)
          (q_proj): Linear(in_features=768, out_features=768, bias=True)
          (out_proj): Linear(in_features=768, out_features=768, bias=True)
        )
        (self_attn_layer_norm): FusedLayerNorm(torch.Size([768]), eps=1e-05, elementwise_affine=True)
        (dropout_module): FairseqDropout()
        (activation_dropout_module): FairseqDropout()
        (fc1): Linear(in_features=768, out_features=3072, bias=True)
        (fc2): Linear(in_features=3072, out_features=768, bias=True)
        (attn_ln): FusedLayerNorm(torch.Size([768]), eps=1e-05, elementwise_affine=True)
        (ffn_layernorm): FusedLayerNorm(torch.Size([3072]), eps=1e-05, elementwise_affine=True)
        (final_layer_norm): FusedLayerNorm(torch.Size([768]), eps=1e-05, elementwise_affine=True)
        (drop_path): Identity()
      )
      (3): TransformerEncoderLayer(
        (self_attn): MultiheadAttention(
          (dropout_module): FairseqDropout()
          (k_proj): Linear(in_features=768, out_features=768, bias=True)
          (v_proj): Linear(in_features=768, out_features=768, bias=True)
          (q_proj): Linear(in_features=768, out_features=768, bias=True)
          (out_proj): Linear(in_features=768, out_features=768, bias=True)
        )
        (self_attn_layer_norm): FusedLayerNorm(torch.Size([768]), eps=1e-05, elementwise_affine=True)
        (dropout_module): FairseqDropout()
        (activation_dropout_module): FairseqDropout()
        (fc1): Linear(in_features=768, out_features=3072, bias=True)
        (fc2): Linear(in_features=3072, out_features=768, bias=True)
        (attn_ln): FusedLayerNorm(torch.Size([768]), eps=1e-05, elementwise_affine=True)
        (ffn_layernorm): FusedLayerNorm(torch.Size([3072]), eps=1e-05, elementwise_affine=True)
        (final_layer_norm): FusedLayerNorm(torch.Size([768]), eps=1e-05, elementwise_affine=True)
        (drop_path): Identity()
      )
      (4): TransformerEncoderLayer(
        (self_attn): MultiheadAttention(
          (dropout_module): FairseqDropout()
          (k_proj): Linear(in_features=768, out_features=768, bias=True)
          (v_proj): Linear(in_features=768, out_features=768, bias=True)
          (q_proj): Linear(in_features=768, out_features=768, bias=True)
          (out_proj): Linear(in_features=768, out_features=768, bias=True)
        )
        (self_attn_layer_norm): FusedLayerNorm(torch.Size([768]), eps=1e-05, elementwise_affine=True)
        (dropout_module): FairseqDropout()
        (activation_dropout_module): FairseqDropout()
        (fc1): Linear(in_features=768, out_features=3072, bias=True)
        (fc2): Linear(in_features=3072, out_features=768, bias=True)
        (attn_ln): FusedLayerNorm(torch.Size([768]), eps=1e-05, elementwise_affine=True)
        (ffn_layernorm): FusedLayerNorm(torch.Size([3072]), eps=1e-05, elementwise_affine=True)
        (final_layer_norm): FusedLayerNorm(torch.Size([768]), eps=1e-05, elementwise_affine=True)
        (drop_path): Identity()
      )
      (5): TransformerEncoderLayer(
        (self_attn): MultiheadAttention(
          (dropout_module): FairseqDropout()
          (k_proj): Linear(in_features=768, out_features=768, bias=True)
          (v_proj): Linear(in_features=768, out_features=768, bias=True)
          (q_proj): Linear(in_features=768, out_features=768, bias=True)
          (out_proj): Linear(in_features=768, out_features=768, bias=True)
        )
        (self_attn_layer_norm): FusedLayerNorm(torch.Size([768]), eps=1e-05, elementwise_affine=True)
        (dropout_module): FairseqDropout()
        (activation_dropout_module): FairseqDropout()
        (fc1): Linear(in_features=768, out_features=3072, bias=True)
        (fc2): Linear(in_features=3072, out_features=768, bias=True)
        (attn_ln): FusedLayerNorm(torch.Size([768]), eps=1e-05, elementwise_affine=True)
        (ffn_layernorm): FusedLayerNorm(torch.Size([3072]), eps=1e-05, elementwise_affine=True)
        (final_layer_norm): FusedLayerNorm(torch.Size([768]), eps=1e-05, elementwise_affine=True)
        (drop_path): Identity()
      )
    )
    (layer_norm): FusedLayerNorm(torch.Size([768]), eps=1e-05, elementwise_affine=True)
    (token_rel_pos_table_list): ModuleList(
      (0): Embedding(511, 12)
      (1): Embedding(511, 12)
      (2): Embedding(511, 12)
      (3): Embedding(511, 12)
      (4): Embedding(511, 12)
      (5): Embedding(511, 12)
    )
    (image_rel_pos_table_list): ModuleList(
      (0): Embedding(6892, 12)
      (1): Embedding(6892, 12)
      (2): Embedding(6892, 12)
      (3): Embedding(6892, 12)
      (4): Embedding(6892, 12)
      (5): Embedding(6892, 12)
    )
  )
  (decoder): TransformerDecoder(
    (dropout_module): FairseqDropout()
    (embed_tokens): Embedding(59457, 768, padding_idx=1)
    (layernorm_embedding): FusedLayerNorm(torch.Size([768]), eps=1e-05, elementwise_affine=True)
    (embed_positions): Embedding(1026, 768)
    (embed_image_positions): Embedding(1765, 768)
    (pos_ln): FusedLayerNorm(torch.Size([768]), eps=1e-05, elementwise_affine=True)
    (image_pos_ln): FusedLayerNorm(torch.Size([768]), eps=1e-05, elementwise_affine=True)
    (self_pos_q_linear): Linear(in_features=768, out_features=768, bias=True)
    (self_pos_k_linear): Linear(in_features=768, out_features=768, bias=True)
    (cross_pos_q_linear): Linear(in_features=768, out_features=768, bias=True)
    (cross_pos_k_linear): Linear(in_features=768, out_features=768, bias=True)
    (code_layernorm_embedding): FusedLayerNorm(torch.Size([768]), eps=1e-05, elementwise_affine=True)
    (layers): ModuleList(
      (0): TransformerDecoderLayer(
        (dropout_module): FairseqDropout()
        (self_attn): MultiheadAttention(
          (dropout_module): FairseqDropout()
          (k_proj): Linear(in_features=768, out_features=768, bias=True)
          (v_proj): Linear(in_features=768, out_features=768, bias=True)
          (q_proj): Linear(in_features=768, out_features=768, bias=True)
          (out_proj): Linear(in_features=768, out_features=768, bias=True)
        )
        (self_attn_ln): FusedLayerNorm(torch.Size([768]), eps=1e-05, elementwise_affine=True)
        (cross_attn_ln): FusedLayerNorm(torch.Size([768]), eps=1e-05, elementwise_affine=True)
        (self_attn_layer_norm): FusedLayerNorm(torch.Size([768]), eps=1e-05, elementwise_affine=True)
        (encoder_attn): MultiheadAttention(
          (dropout_module): FairseqDropout()
          (k_proj): Linear(in_features=768, out_features=768, bias=True)
          (v_proj): Linear(in_features=768, out_features=768, bias=True)
          (q_proj): Linear(in_features=768, out_features=768, bias=True)
          (out_proj): Linear(in_features=768, out_features=768, bias=True)
        )
        (encoder_attn_layer_norm): FusedLayerNorm(torch.Size([768]), eps=1e-05, elementwise_affine=True)
        (ffn_layernorm): FusedLayerNorm(torch.Size([3072]), eps=1e-05, elementwise_affine=True)
        (activation_dropout_module): FairseqDropout()
        (fc1): Linear(in_features=768, out_features=3072, bias=True)
        (fc2): Linear(in_features=3072, out_features=768, bias=True)
        (final_layer_norm): FusedLayerNorm(torch.Size([768]), eps=1e-05, elementwise_affine=True)
        (drop_path): Identity()
      )
      (1): TransformerDecoderLayer(
        (dropout_module): FairseqDropout()
        (self_attn): MultiheadAttention(
          (dropout_module): FairseqDropout()
          (k_proj): Linear(in_features=768, out_features=768, bias=True)
          (v_proj): Linear(in_features=768, out_features=768, bias=True)
          (q_proj): Linear(in_features=768, out_features=768, bias=True)
          (out_proj): Linear(in_features=768, out_features=768, bias=True)
        )
        (self_attn_ln): FusedLayerNorm(torch.Size([768]), eps=1e-05, elementwise_affine=True)
        (cross_attn_ln): FusedLayerNorm(torch.Size([768]), eps=1e-05, elementwise_affine=True)
        (self_attn_layer_norm): FusedLayerNorm(torch.Size([768]), eps=1e-05, elementwise_affine=True)
        (encoder_attn): MultiheadAttention(
          (dropout_module): FairseqDropout()
          (k_proj): Linear(in_features=768, out_features=768, bias=True)
          (v_proj): Linear(in_features=768, out_features=768, bias=True)
          (q_proj): Linear(in_features=768, out_features=768, bias=True)
          (out_proj): Linear(in_features=768, out_features=768, bias=True)
        )
        (encoder_attn_layer_norm): FusedLayerNorm(torch.Size([768]), eps=1e-05, elementwise_affine=True)
        (ffn_layernorm): FusedLayerNorm(torch.Size([3072]), eps=1e-05, elementwise_affine=True)
        (activation_dropout_module): FairseqDropout()
        (fc1): Linear(in_features=768, out_features=3072, bias=True)
        (fc2): Linear(in_features=3072, out_features=768, bias=True)
        (final_layer_norm): FusedLayerNorm(torch.Size([768]), eps=1e-05, elementwise_affine=True)
        (drop_path): Identity()
      )
      (2): TransformerDecoderLayer(
        (dropout_module): FairseqDropout()
        (self_attn): MultiheadAttention(
          (dropout_module): FairseqDropout()
          (k_proj): Linear(in_features=768, out_features=768, bias=True)
          (v_proj): Linear(in_features=768, out_features=768, bias=True)
          (q_proj): Linear(in_features=768, out_features=768, bias=True)
          (out_proj): Linear(in_features=768, out_features=768, bias=True)
        )
        (self_attn_ln): FusedLayerNorm(torch.Size([768]), eps=1e-05, elementwise_affine=True)
        (cross_attn_ln): FusedLayerNorm(torch.Size([768]), eps=1e-05, elementwise_affine=True)
        (self_attn_layer_norm): FusedLayerNorm(torch.Size([768]), eps=1e-05, elementwise_affine=True)
        (encoder_attn): MultiheadAttention(
          (dropout_module): FairseqDropout()
          (k_proj): Linear(in_features=768, out_features=768, bias=True)
          (v_proj): Linear(in_features=768, out_features=768, bias=True)
          (q_proj): Linear(in_features=768, out_features=768, bias=True)
          (out_proj): Linear(in_features=768, out_features=768, bias=True)
        )
        (encoder_attn_layer_norm): FusedLayerNorm(torch.Size([768]), eps=1e-05, elementwise_affine=True)
        (ffn_layernorm): FusedLayerNorm(torch.Size([3072]), eps=1e-05, elementwise_affine=True)
        (activation_dropout_module): FairseqDropout()
        (fc1): Linear(in_features=768, out_features=3072, bias=True)
        (fc2): Linear(in_features=3072, out_features=768, bias=True)
        (final_layer_norm): FusedLayerNorm(torch.Size([768]), eps=1e-05, elementwise_affine=True)
        (drop_path): Identity()
      )
      (3): TransformerDecoderLayer(
        (dropout_module): FairseqDropout()
        (self_attn): MultiheadAttention(
          (dropout_module): FairseqDropout()
          (k_proj): Linear(in_features=768, out_features=768, bias=True)
          (v_proj): Linear(in_features=768, out_features=768, bias=True)
          (q_proj): Linear(in_features=768, out_features=768, bias=True)
          (out_proj): Linear(in_features=768, out_features=768, bias=True)
        )
        (self_attn_ln): FusedLayerNorm(torch.Size([768]), eps=1e-05, elementwise_affine=True)
        (cross_attn_ln): FusedLayerNorm(torch.Size([768]), eps=1e-05, elementwise_affine=True)
        (self_attn_layer_norm): FusedLayerNorm(torch.Size([768]), eps=1e-05, elementwise_affine=True)
        (encoder_attn): MultiheadAttention(
          (dropout_module): FairseqDropout()
          (k_proj): Linear(in_features=768, out_features=768, bias=True)
          (v_proj): Linear(in_features=768, out_features=768, bias=True)
          (q_proj): Linear(in_features=768, out_features=768, bias=True)
          (out_proj): Linear(in_features=768, out_features=768, bias=True)
        )
        (encoder_attn_layer_norm): FusedLayerNorm(torch.Size([768]), eps=1e-05, elementwise_affine=True)
        (ffn_layernorm): FusedLayerNorm(torch.Size([3072]), eps=1e-05, elementwise_affine=True)
        (activation_dropout_module): FairseqDropout()
        (fc1): Linear(in_features=768, out_features=3072, bias=True)
        (fc2): Linear(in_features=3072, out_features=768, bias=True)
        (final_layer_norm): FusedLayerNorm(torch.Size([768]), eps=1e-05, elementwise_affine=True)
        (drop_path): Identity()
      )
      (4): TransformerDecoderLayer(
        (dropout_module): FairseqDropout()
        (self_attn): MultiheadAttention(
          (dropout_module): FairseqDropout()
          (k_proj): Linear(in_features=768, out_features=768, bias=True)
          (v_proj): Linear(in_features=768, out_features=768, bias=True)
          (q_proj): Linear(in_features=768, out_features=768, bias=True)
          (out_proj): Linear(in_features=768, out_features=768, bias=True)
        )
        (self_attn_ln): FusedLayerNorm(torch.Size([768]), eps=1e-05, elementwise_affine=True)
        (cross_attn_ln): FusedLayerNorm(torch.Size([768]), eps=1e-05, elementwise_affine=True)
        (self_attn_layer_norm): FusedLayerNorm(torch.Size([768]), eps=1e-05, elementwise_affine=True)
        (encoder_attn): MultiheadAttention(
          (dropout_module): FairseqDropout()
          (k_proj): Linear(in_features=768, out_features=768, bias=True)
          (v_proj): Linear(in_features=768, out_features=768, bias=True)
          (q_proj): Linear(in_features=768, out_features=768, bias=True)
          (out_proj): Linear(in_features=768, out_features=768, bias=True)
        )
        (encoder_attn_layer_norm): FusedLayerNorm(torch.Size([768]), eps=1e-05, elementwise_affine=True)
        (ffn_layernorm): FusedLayerNorm(torch.Size([3072]), eps=1e-05, elementwise_affine=True)
        (activation_dropout_module): FairseqDropout()
        (fc1): Linear(in_features=768, out_features=3072, bias=True)
        (fc2): Linear(in_features=3072, out_features=768, bias=True)
        (final_layer_norm): FusedLayerNorm(torch.Size([768]), eps=1e-05, elementwise_affine=True)
        (drop_path): Identity()
      )
      (5): TransformerDecoderLayer(
        (dropout_module): FairseqDropout()
        (self_attn): MultiheadAttention(
          (dropout_module): FairseqDropout()
          (k_proj): Linear(in_features=768, out_features=768, bias=True)
          (v_proj): Linear(in_features=768, out_features=768, bias=True)
          (q_proj): Linear(in_features=768, out_features=768, bias=True)
          (out_proj): Linear(in_features=768, out_features=768, bias=True)
        )
        (self_attn_ln): FusedLayerNorm(torch.Size([768]), eps=1e-05, elementwise_affine=True)
        (cross_attn_ln): FusedLayerNorm(torch.Size([768]), eps=1e-05, elementwise_affine=True)
        (self_attn_layer_norm): FusedLayerNorm(torch.Size([768]), eps=1e-05, elementwise_affine=True)
        (encoder_attn): MultiheadAttention(
          (dropout_module): FairseqDropout()
          (k_proj): Linear(in_features=768, out_features=768, bias=True)
          (v_proj): Linear(in_features=768, out_features=768, bias=True)
          (q_proj): Linear(in_features=768, out_features=768, bias=True)
          (out_proj): Linear(in_features=768, out_features=768, bias=True)
        )
        (encoder_attn_layer_norm): FusedLayerNorm(torch.Size([768]), eps=1e-05, elementwise_affine=True)
        (ffn_layernorm): FusedLayerNorm(torch.Size([3072]), eps=1e-05, elementwise_affine=True)
        (moe_layer): MOELayer(
          (gate): Top1Gate(
            (wg): Linear(in_features=768, out_features=4, bias=False)
          )
          (experts): ModuleList(
            (0): FeedForwardNetwork(
              (activation_dropout_module): FairseqDropout()
              (fc1): Linear(in_features=768, out_features=3072, bias=True)
              (fc2): Linear(in_features=3072, out_features=768, bias=True)
              (dropout_module): FairseqDropout()
            )
            (1): FeedForwardNetwork(
              (activation_dropout_module): FairseqDropout()
              (fc1): Linear(in_features=768, out_features=3072, bias=True)
              (fc2): Linear(in_features=3072, out_features=768, bias=True)
              (dropout_module): FairseqDropout()
            )
            (2): FeedForwardNetwork(
              (activation_dropout_module): FairseqDropout()
              (fc1): Linear(in_features=768, out_features=3072, bias=True)
              (fc2): Linear(in_features=3072, out_features=768, bias=True)
              (dropout_module): FairseqDropout()
            )
            (3): FeedForwardNetwork(
              (activation_dropout_module): FairseqDropout()
              (fc1): Linear(in_features=768, out_features=3072, bias=True)
              (fc2): Linear(in_features=3072, out_features=768, bias=True)
              (dropout_module): FairseqDropout()
            )
          )
        )
        (final_layer_norm): FusedLayerNorm(torch.Size([768]), eps=1e-05, elementwise_affine=True)
        (drop_path): Identity()
      )
    )
    (layer_norm): FusedLayerNorm(torch.Size([768]), eps=1e-05, elementwise_affine=True)
    (output_projection): Linear(in_features=768, out_features=59457, bias=False)
    (token_rel_pos_table_list): ModuleList(
      (0): Embedding(511, 12)
      (1): Embedding(511, 12)
      (2): Embedding(511, 12)
      (3): Embedding(511, 12)
      (4): Embedding(511, 12)
      (5): Embedding(511, 12)
    )
    (image_rel_pos_table_list): ModuleList(
      (0): Embedding(6892, 12)
      (1): Embedding(6892, 12)
      (2): Embedding(6892, 12)
      (3): Embedding(6892, 12)
      (4): Embedding(6892, 12)
      (5): Embedding(6892, 12)
    )
  )
  (classification_heads): ModuleDict()
)
2022-05-18 12:41:50 - train.py[line:109] - INFO: task: CaptionTask
2022-05-18 12:41:50 - train.py[line:110] - INFO: model: OFAModel
2022-05-18 12:41:50 - train.py[line:111] - INFO: criterion: AdjustLabelSmoothedMOECrossEntropyCriterion
2022-05-18 12:41:50 - train.py[line:112] - INFO: num. shared model params: 177,519,176 (num. trained: 131,856,200)
2022-05-18 12:41:50 - train.py[line:119] - INFO: num. expert model params: 18889728 (num. trained: 18889728)
local datafile ../../dataset/caption_data/caption_val.tsv slice_id 0 begin to initialize row_count and line_idx-to-offset mapping
local datafile ../../dataset/caption_data/caption_val.tsv slice_id 0 finished initializing row_count and line_idx-to-offset mapping
file ../../dataset/caption_data/caption_val.tsv slice_id 0 row count 5000 total row count 5000
/opt/conda/lib/python3.8/site-packages/torchvision/transforms/transforms.py:257: UserWarning: Argument interpolation should be of type InterpolationMode instead of int. Please, use InterpolationMode enum.
  warnings.warn(
2022-05-18 12:41:51 - trainer.py[line:129] - INFO: detected shared parameter: encoder.embed_tokens.weight <- decoder.embed_tokens.weight
2022-05-18 12:41:51 - trainer.py[line:129] - INFO: detected shared parameter: encoder.embed_tokens.weight <- decoder.output_projection.weight
2022-05-18 12:41:51 - trainer.py[line:129] - INFO: detected shared parameter: encoder.embed_images.conv1.bias <- encoder.embed_images.layer1.0.conv1.bias
2022-05-18 12:41:51 - trainer.py[line:129] - INFO: detected shared parameter: encoder.embed_images.conv1.bias <- encoder.embed_images.layer1.0.conv2.bias
2022-05-18 12:41:51 - trainer.py[line:129] - INFO: detected shared parameter: encoder.embed_images.conv1.bias <- encoder.embed_images.layer1.0.conv3.bias
2022-05-18 12:41:51 - trainer.py[line:129] - INFO: detected shared parameter: encoder.embed_images.conv1.bias <- encoder.embed_images.layer1.0.downsample.0.bias
2022-05-18 12:41:51 - trainer.py[line:129] - INFO: detected shared parameter: encoder.embed_images.conv1.bias <- encoder.embed_images.layer1.1.conv1.bias
2022-05-18 12:41:51 - trainer.py[line:129] - INFO: detected shared parameter: encoder.embed_images.conv1.bias <- encoder.embed_images.layer1.1.conv2.bias
2022-05-18 12:41:51 - trainer.py[line:129] - INFO: detected shared parameter: encoder.embed_images.conv1.bias <- encoder.embed_images.layer1.1.conv3.bias
2022-05-18 12:41:51 - trainer.py[line:129] - INFO: detected shared parameter: encoder.embed_images.conv1.bias <- encoder.embed_images.layer1.2.conv1.bias
2022-05-18 12:41:51 - trainer.py[line:129] - INFO: detected shared parameter: encoder.embed_images.conv1.bias <- encoder.embed_images.layer1.2.conv2.bias
2022-05-18 12:41:51 - trainer.py[line:129] - INFO: detected shared parameter: encoder.embed_images.conv1.bias <- encoder.embed_images.layer1.2.conv3.bias
2022-05-18 12:41:51 - trainer.py[line:129] - INFO: detected shared parameter: encoder.embed_images.conv1.bias <- encoder.embed_images.layer2.0.conv1.bias
2022-05-18 12:41:51 - trainer.py[line:129] - INFO: detected shared parameter: encoder.embed_images.conv1.bias <- encoder.embed_images.layer2.0.conv2.bias
2022-05-18 12:41:51 - trainer.py[line:129] - INFO: detected shared parameter: encoder.embed_images.conv1.bias <- encoder.embed_images.layer2.0.conv3.bias
2022-05-18 12:41:51 - trainer.py[line:129] - INFO: detected shared parameter: encoder.embed_images.conv1.bias <- encoder.embed_images.layer2.0.downsample.0.bias
2022-05-18 12:41:51 - trainer.py[line:129] - INFO: detected shared parameter: encoder.embed_images.conv1.bias <- encoder.embed_images.layer2.1.conv1.bias
2022-05-18 12:41:51 - trainer.py[line:129] - INFO: detected shared parameter: encoder.embed_images.conv1.bias <- encoder.embed_images.layer2.1.conv2.bias
2022-05-18 12:41:51 - trainer.py[line:129] - INFO: detected shared parameter: encoder.embed_images.conv1.bias <- encoder.embed_images.layer2.1.conv3.bias
2022-05-18 12:41:51 - trainer.py[line:129] - INFO: detected shared parameter: encoder.embed_images.conv1.bias <- encoder.embed_images.layer2.2.conv1.bias
2022-05-18 12:41:51 - trainer.py[line:129] - INFO: detected shared parameter: encoder.embed_images.conv1.bias <- encoder.embed_images.layer2.2.conv2.bias
2022-05-18 12:41:51 - trainer.py[line:129] - INFO: detected shared parameter: encoder.embed_images.conv1.bias <- encoder.embed_images.layer2.2.conv3.bias
2022-05-18 12:41:51 - trainer.py[line:129] - INFO: detected shared parameter: encoder.embed_images.conv1.bias <- encoder.embed_images.layer2.3.conv1.bias
2022-05-18 12:41:51 - trainer.py[line:129] - INFO: detected shared parameter: encoder.embed_images.conv1.bias <- encoder.embed_images.layer2.3.conv2.bias
2022-05-18 12:41:51 - trainer.py[line:129] - INFO: detected shared parameter: encoder.embed_images.conv1.bias <- encoder.embed_images.layer2.3.conv3.bias
2022-05-18 12:41:51 - trainer.py[line:129] - INFO: detected shared parameter: encoder.embed_images.conv1.bias <- encoder.embed_images.layer3.0.conv1.bias
2022-05-18 12:41:51 - trainer.py[line:129] - INFO: detected shared parameter: encoder.embed_images.conv1.bias <- encoder.embed_images.layer3.0.conv2.bias
2022-05-18 12:41:51 - trainer.py[line:129] - INFO: detected shared parameter: encoder.embed_images.conv1.bias <- encoder.embed_images.layer3.0.conv3.bias
2022-05-18 12:41:51 - trainer.py[line:129] - INFO: detected shared parameter: encoder.embed_images.conv1.bias <- encoder.embed_images.layer3.0.downsample.0.bias
2022-05-18 12:41:51 - trainer.py[line:129] - INFO: detected shared parameter: encoder.embed_images.conv1.bias <- encoder.embed_images.layer3.1.conv1.bias
2022-05-18 12:41:51 - trainer.py[line:129] - INFO: detected shared parameter: encoder.embed_images.conv1.bias <- encoder.embed_images.layer3.1.conv2.bias
2022-05-18 12:41:51 - trainer.py[line:129] - INFO: detected shared parameter: encoder.embed_images.conv1.bias <- encoder.embed_images.layer3.1.conv3.bias
2022-05-18 12:41:51 - trainer.py[line:129] - INFO: detected shared parameter: encoder.embed_images.conv1.bias <- encoder.embed_images.layer3.2.conv1.bias
2022-05-18 12:41:51 - trainer.py[line:129] - INFO: detected shared parameter: encoder.embed_images.conv1.bias <- encoder.embed_images.layer3.2.conv2.bias
2022-05-18 12:41:51 - trainer.py[line:129] - INFO: detected shared parameter: encoder.embed_images.conv1.bias <- encoder.embed_images.layer3.2.conv3.bias
2022-05-18 12:41:51 - trainer.py[line:129] - INFO: detected shared parameter: encoder.embed_images.conv1.bias <- encoder.embed_images.layer3.3.conv1.bias
2022-05-18 12:41:51 - trainer.py[line:129] - INFO: detected shared parameter: encoder.embed_images.conv1.bias <- encoder.embed_images.layer3.3.conv2.bias
2022-05-18 12:41:51 - trainer.py[line:129] - INFO: detected shared parameter: encoder.embed_images.conv1.bias <- encoder.embed_images.layer3.3.conv3.bias
2022-05-18 12:41:51 - trainer.py[line:129] - INFO: detected shared parameter: encoder.embed_images.conv1.bias <- encoder.embed_images.layer3.4.conv1.bias
2022-05-18 12:41:51 - trainer.py[line:129] - INFO: detected shared parameter: encoder.embed_images.conv1.bias <- encoder.embed_images.layer3.4.conv2.bias
2022-05-18 12:41:51 - trainer.py[line:129] - INFO: detected shared parameter: encoder.embed_images.conv1.bias <- encoder.embed_images.layer3.4.conv3.bias
2022-05-18 12:41:51 - trainer.py[line:129] - INFO: detected shared parameter: encoder.embed_images.conv1.bias <- encoder.embed_images.layer3.5.conv1.bias
2022-05-18 12:41:51 - trainer.py[line:129] - INFO: detected shared parameter: encoder.embed_images.conv1.bias <- encoder.embed_images.layer3.5.conv2.bias
2022-05-18 12:41:51 - trainer.py[line:129] - INFO: detected shared parameter: encoder.embed_images.conv1.bias <- encoder.embed_images.layer3.5.conv3.bias
2022-05-18 12:41:51 - trainer.py[line:129] - INFO: detected shared parameter: encoder.embed_images.conv1.bias <- encoder.embed_images.layer3.6.conv1.bias
2022-05-18 12:41:51 - trainer.py[line:129] - INFO: detected shared parameter: encoder.embed_images.conv1.bias <- encoder.embed_images.layer3.6.conv2.bias
2022-05-18 12:41:51 - trainer.py[line:129] - INFO: detected shared parameter: encoder.embed_images.conv1.bias <- encoder.embed_images.layer3.6.conv3.bias
2022-05-18 12:41:51 - trainer.py[line:129] - INFO: detected shared parameter: encoder.embed_images.conv1.bias <- encoder.embed_images.layer3.7.conv1.bias
2022-05-18 12:41:51 - trainer.py[line:129] - INFO: detected shared parameter: encoder.embed_images.conv1.bias <- encoder.embed_images.layer3.7.conv2.bias
2022-05-18 12:41:51 - trainer.py[line:129] - INFO: detected shared parameter: encoder.embed_images.conv1.bias <- encoder.embed_images.layer3.7.conv3.bias
2022-05-18 12:41:51 - trainer.py[line:129] - INFO: detected shared parameter: encoder.embed_images.conv1.bias <- encoder.embed_images.layer3.8.conv1.bias
2022-05-18 12:41:51 - trainer.py[line:129] - INFO: detected shared parameter: encoder.embed_images.conv1.bias <- encoder.embed_images.layer3.8.conv2.bias
2022-05-18 12:41:51 - trainer.py[line:129] - INFO: detected shared parameter: encoder.embed_images.conv1.bias <- encoder.embed_images.layer3.8.conv3.bias
2022-05-18 12:41:51 - trainer.py[line:129] - INFO: detected shared parameter: encoder.embed_images.conv1.bias <- encoder.embed_images.layer3.9.conv1.bias
2022-05-18 12:41:51 - trainer.py[line:129] - INFO: detected shared parameter: encoder.embed_images.conv1.bias <- encoder.embed_images.layer3.9.conv2.bias
2022-05-18 12:41:51 - trainer.py[line:129] - INFO: detected shared parameter: encoder.embed_images.conv1.bias <- encoder.embed_images.layer3.9.conv3.bias
2022-05-18 12:41:51 - trainer.py[line:129] - INFO: detected shared parameter: encoder.embed_images.conv1.bias <- encoder.embed_images.layer3.10.conv1.bias
2022-05-18 12:41:51 - trainer.py[line:129] - INFO: detected shared parameter: encoder.embed_images.conv1.bias <- encoder.embed_images.layer3.10.conv2.bias
2022-05-18 12:41:51 - trainer.py[line:129] - INFO: detected shared parameter: encoder.embed_images.conv1.bias <- encoder.embed_images.layer3.10.conv3.bias
2022-05-18 12:41:51 - trainer.py[line:129] - INFO: detected shared parameter: encoder.embed_images.conv1.bias <- encoder.embed_images.layer3.11.conv1.bias
2022-05-18 12:41:51 - trainer.py[line:129] - INFO: detected shared parameter: encoder.embed_images.conv1.bias <- encoder.embed_images.layer3.11.conv2.bias
2022-05-18 12:41:51 - trainer.py[line:129] - INFO: detected shared parameter: encoder.embed_images.conv1.bias <- encoder.embed_images.layer3.11.conv3.bias
2022-05-18 12:41:51 - trainer.py[line:129] - INFO: detected shared parameter: encoder.embed_images.conv1.bias <- encoder.embed_images.layer3.12.conv1.bias
2022-05-18 12:41:51 - trainer.py[line:129] - INFO: detected shared parameter: encoder.embed_images.conv1.bias <- encoder.embed_images.layer3.12.conv2.bias
2022-05-18 12:41:51 - trainer.py[line:129] - INFO: detected shared parameter: encoder.embed_images.conv1.bias <- encoder.embed_images.layer3.12.conv3.bias
2022-05-18 12:41:51 - trainer.py[line:129] - INFO: detected shared parameter: encoder.embed_images.conv1.bias <- encoder.embed_images.layer3.13.conv1.bias
2022-05-18 12:41:51 - trainer.py[line:129] - INFO: detected shared parameter: encoder.embed_images.conv1.bias <- encoder.embed_images.layer3.13.conv2.bias
2022-05-18 12:41:51 - trainer.py[line:129] - INFO: detected shared parameter: encoder.embed_images.conv1.bias <- encoder.embed_images.layer3.13.conv3.bias
2022-05-18 12:41:51 - trainer.py[line:129] - INFO: detected shared parameter: encoder.embed_images.conv1.bias <- encoder.embed_images.layer3.14.conv1.bias
2022-05-18 12:41:51 - trainer.py[line:129] - INFO: detected shared parameter: encoder.embed_images.conv1.bias <- encoder.embed_images.layer3.14.conv2.bias
2022-05-18 12:41:51 - trainer.py[line:129] - INFO: detected shared parameter: encoder.embed_images.conv1.bias <- encoder.embed_images.layer3.14.conv3.bias
2022-05-18 12:41:51 - trainer.py[line:129] - INFO: detected shared parameter: encoder.embed_images.conv1.bias <- encoder.embed_images.layer3.15.conv1.bias
2022-05-18 12:41:51 - trainer.py[line:129] - INFO: detected shared parameter: encoder.embed_images.conv1.bias <- encoder.embed_images.layer3.15.conv2.bias
2022-05-18 12:41:51 - trainer.py[line:129] - INFO: detected shared parameter: encoder.embed_images.conv1.bias <- encoder.embed_images.layer3.15.conv3.bias
2022-05-18 12:41:51 - trainer.py[line:129] - INFO: detected shared parameter: encoder.embed_images.conv1.bias <- encoder.embed_images.layer3.16.conv1.bias
2022-05-18 12:41:51 - trainer.py[line:129] - INFO: detected shared parameter: encoder.embed_images.conv1.bias <- encoder.embed_images.layer3.16.conv2.bias
2022-05-18 12:41:51 - trainer.py[line:129] - INFO: detected shared parameter: encoder.embed_images.conv1.bias <- encoder.embed_images.layer3.16.conv3.bias
2022-05-18 12:41:51 - trainer.py[line:129] - INFO: detected shared parameter: encoder.embed_images.conv1.bias <- encoder.embed_images.layer3.17.conv1.bias
2022-05-18 12:41:51 - trainer.py[line:129] - INFO: detected shared parameter: encoder.embed_images.conv1.bias <- encoder.embed_images.layer3.17.conv2.bias
2022-05-18 12:41:51 - trainer.py[line:129] - INFO: detected shared parameter: encoder.embed_images.conv1.bias <- encoder.embed_images.layer3.17.conv3.bias
2022-05-18 12:41:51 - trainer.py[line:129] - INFO: detected shared parameter: encoder.embed_images.conv1.bias <- encoder.embed_images.layer3.18.conv1.bias
2022-05-18 12:41:51 - trainer.py[line:129] - INFO: detected shared parameter: encoder.embed_images.conv1.bias <- encoder.embed_images.layer3.18.conv2.bias
2022-05-18 12:41:51 - trainer.py[line:129] - INFO: detected shared parameter: encoder.embed_images.conv1.bias <- encoder.embed_images.layer3.18.conv3.bias
2022-05-18 12:41:51 - trainer.py[line:129] - INFO: detected shared parameter: encoder.embed_images.conv1.bias <- encoder.embed_images.layer3.19.conv1.bias
2022-05-18 12:41:51 - trainer.py[line:129] - INFO: detected shared parameter: encoder.embed_images.conv1.bias <- encoder.embed_images.layer3.19.conv2.bias
2022-05-18 12:41:51 - trainer.py[line:129] - INFO: detected shared parameter: encoder.embed_images.conv1.bias <- encoder.embed_images.layer3.19.conv3.bias
2022-05-18 12:41:51 - trainer.py[line:129] - INFO: detected shared parameter: encoder.embed_images.conv1.bias <- encoder.embed_images.layer3.20.conv1.bias
2022-05-18 12:41:51 - trainer.py[line:129] - INFO: detected shared parameter: encoder.embed_images.conv1.bias <- encoder.embed_images.layer3.20.conv2.bias
2022-05-18 12:41:51 - trainer.py[line:129] - INFO: detected shared parameter: encoder.embed_images.conv1.bias <- encoder.embed_images.layer3.20.conv3.bias
2022-05-18 12:41:51 - trainer.py[line:129] - INFO: detected shared parameter: encoder.embed_images.conv1.bias <- encoder.embed_images.layer3.21.conv1.bias
2022-05-18 12:41:51 - trainer.py[line:129] - INFO: detected shared parameter: encoder.embed_images.conv1.bias <- encoder.embed_images.layer3.21.conv2.bias
2022-05-18 12:41:51 - trainer.py[line:129] - INFO: detected shared parameter: encoder.embed_images.conv1.bias <- encoder.embed_images.layer3.21.conv3.bias
2022-05-18 12:41:51 - trainer.py[line:129] - INFO: detected shared parameter: encoder.embed_images.conv1.bias <- encoder.embed_images.layer3.22.conv1.bias
2022-05-18 12:41:51 - trainer.py[line:129] - INFO: detected shared parameter: encoder.embed_images.conv1.bias <- encoder.embed_images.layer3.22.conv2.bias
2022-05-18 12:41:51 - trainer.py[line:129] - INFO: detected shared parameter: encoder.embed_images.conv1.bias <- encoder.embed_images.layer3.22.conv3.bias
2022-05-18 12:41:51 - trainer.py[line:129] - INFO: detected shared parameter: encoder.embed_images.conv1.bias <- decoder.layers.5.moe_layer.gate.wg.bias
2022-05-18 12:41:51 - trainer.py[line:129] - INFO: detected shared parameter: encoder.embed_images.conv1.bias <- decoder.output_projection.bias
2022-05-18 12:41:51 - utils.py[line:779] - INFO: ***********************CUDA enviroments for all 1 workers***********************
2022-05-18 12:41:51 - utils.py[line:781] - INFO: rank   0: capabilities =  8.6  ; total memory = 23.700 GB ; name = NVIDIA GeForce RTX 3090                 
2022-05-18 12:41:51 - utils.py[line:787] - INFO: ***********************CUDA enviroments for all 1 workers***********************
2022-05-18 12:41:51 - train.py[line:150] - INFO: training on 1 devices (GPUs/TPUs)
2022-05-18 12:41:51 - train.py[line:155] - INFO: max tokens per device = None and max sentences per device = 8
2022-05-18 12:41:51 - trainer.py[line:477] - INFO: Preparing to load checkpoint ./moe_de_final_layer_stage1_checkpoints/2_0.06_2500_1_2e-5/checkpoint_last.pt
2022-05-18 12:41:53 - adam.py[line:70] - INFO: using FusedAdam
2022-05-18 12:41:53 - trainer.py[line:636] - INFO: Loaded checkpoint ./moe_de_final_layer_stage1_checkpoints/2_0.06_2500_1_2e-5/checkpoint_last.pt (epoch 3 @ 0 updates)
2022-05-18 12:41:53 - trainer.py[line:658] - INFO: loading train data for epoch 1
local datafile ../../dataset/caption_data/caption_stage1_train.tsv slice_id 0 begin to initialize row_count and line_idx-to-offset mapping
local datafile ../../dataset/caption_data/caption_stage1_train.tsv slice_id 0 finished initializing row_count and line_idx-to-offset mapping
file ../../dataset/caption_data/caption_stage1_train.tsv slice_id 0 row count 566747 total row count 566747
slice_id 0 seek offset 0
Total steps 17712, warmup steps 1062, warmup_factor 0.0009416195856873823
2022-05-18 12:42:20 - trainer.py[line:722] - INFO: begin training epoch 1
2022-05-18 12:42:20 - train.py[line:303] - INFO: Start iterating over samples
2022-05-18 12:42:35 - trainer.py[line:945] - INFO: NOTE: gradient overflow detected, ignoring gradient, setting loss scale to: 64.0
2022-05-18 12:42:40 - trainer.py[line:945] - INFO: NOTE: gradient overflow detected, ignoring gradient, setting loss scale to: 32.0
2022-05-18 12:42:45 - progress_bar.py[line:272] - INFO: epoch 001:      3 / 8856 loss=3.859, loss_v1=0, loss_v2=0, nll_loss=1.869, ntokens=735, nsentences=64, sample_size=735, inner_loss=3.092, moe_gate_loss=0.767, overflow_expert1=0, overflow_expert2=0, entropy_gating=1.38, expert1_balance_top=33.509, expert1_balance_bottom=18.131, unused_expert1_count=0, expert2_balance_top=0, expert2_balance_bottom=0, unused_expert2_count=0, all_to_all_cpu_time_ms=0, all_to_all_cuda_time_ms=0, ppl=3.65, wps=0, ups=0, wpb=735, bsz=64, num_updates=1, lr=1.88324e-08, gnorm=5.611, loss_scale=32, train_wall=24, cuda_gb_allocated=10, cuda_gb_reserved=10.8, cuda_gb_free=13.7, wall=54
2022-05-18 12:42:48 - trainer.py[line:945] - INFO: NOTE: gradient overflow detected, ignoring gradient, setting loss scale to: 16.0
2022-05-18 12:42:51 - progress_bar.py[line:272] - INFO: epoch 001:      5 / 8856 loss=3.806, loss_v1=0, loss_v2=0, nll_loss=1.828, ntokens=786, nsentences=64, sample_size=786, inner_loss=3.053, moe_gate_loss=0.753, overflow_expert1=0, overflow_expert2=0, entropy_gating=1.38, expert1_balance_top=35.635, expert1_balance_bottom=18.355, unused_expert1_count=0, expert2_balance_top=0, expert2_balance_bottom=0, unused_expert2_count=0, all_to_all_cpu_time_ms=0, all_to_all_cuda_time_ms=0, ppl=3.55, wps=113.7, ups=0.14, wpb=786, bsz=64, num_updates=2, lr=3.76648e-08, gnorm=5.402, loss_scale=16, train_wall=7, cuda_gb_allocated=11.2, cuda_gb_reserved=11.7, cuda_gb_free=12.5, wall=61
2022-05-18 12:42:55 - progress_bar.py[line:272] - INFO: epoch 001:      6 / 8856 loss=4.033, loss_v1=0, loss_v2=0, nll_loss=2.044, ntokens=761, nsentences=64, sample_size=761, inner_loss=3.251, moe_gate_loss=0.782, overflow_expert1=0, overflow_expert2=0, entropy_gating=1.381, expert1_balance_top=34.035, expert1_balance_bottom=17.633, unused_expert1_count=0, expert2_balance_top=0, expert2_balance_bottom=0, unused_expert2_count=0, all_to_all_cpu_time_ms=0, all_to_all_cuda_time_ms=0, ppl=4.12, wps=249.5, ups=0.33, wpb=761, bsz=64, num_updates=3, lr=5.64972e-08, gnorm=5.863, loss_scale=16, train_wall=3, cuda_gb_allocated=11.2, cuda_gb_reserved=11.7, cuda_gb_free=12.5, wall=64
2022-05-18 12:42:58 - progress_bar.py[line:272] - INFO: epoch 001:      7 / 8856 loss=3.926, loss_v1=0, loss_v2=0, nll_loss=2.014, ntokens=748, nsentences=64, sample_size=748, inner_loss=3.215, moe_gate_loss=0.711, overflow_expert1=0, overflow_expert2=0, entropy_gating=1.38, expert1_balance_top=38.273, expert1_balance_bottom=16.764, unused_expert1_count=0, expert2_balance_top=0, expert2_balance_bottom=0, unused_expert2_count=0, all_to_all_cpu_time_ms=0, all_to_all_cuda_time_ms=0, ppl=4.04, wps=195.6, ups=0.26, wpb=748, bsz=64, num_updates=4, lr=7.53296e-08, gnorm=6.446, loss_scale=16, train_wall=4, cuda_gb_allocated=11.2, cuda_gb_reserved=11.7, cuda_gb_free=12.5, wall=68
2022-05-18 12:43:01 - progress_bar.py[line:272] - INFO: epoch 001:      8 / 8856 loss=3.778, loss_v1=0, loss_v2=0, nll_loss=1.852, ntokens=784, nsentences=64, sample_size=784, inner_loss=3.073, moe_gate_loss=0.706, overflow_expert1=0, overflow_expert2=0, entropy_gating=1.379, expert1_balance_top=37.61, expert1_balance_bottom=17.745, unused_expert1_count=0, expert2_balance_top=0, expert2_balance_bottom=0, unused_expert2_count=0, all_to_all_cpu_time_ms=0, all_to_all_cuda_time_ms=0, ppl=3.61, wps=256.5, ups=0.33, wpb=784, bsz=64, num_updates=5, lr=9.4162e-08, gnorm=5.034, loss_scale=16, train_wall=3, cuda_gb_allocated=11.2, cuda_gb_reserved=11.7, cuda_gb_free=12.5, wall=71
2022-05-18 12:43:05 - progress_bar.py[line:272] - INFO: epoch 001:      9 / 8856 loss=4.187, loss_v1=0, loss_v2=0, nll_loss=2.232, ntokens=749, nsentences=64, sample_size=749, inner_loss=3.427, moe_gate_loss=0.76, overflow_expert1=0, overflow_expert2=0, entropy_gating=1.38, expert1_balance_top=37.86, expert1_balance_bottom=15.998, unused_expert1_count=0, expert2_balance_top=0, expert2_balance_bottom=0, unused_expert2_count=0, all_to_all_cpu_time_ms=0, all_to_all_cuda_time_ms=0, ppl=4.7, wps=234.5, ups=0.31, wpb=749, bsz=64, num_updates=6, lr=1.12994e-07, gnorm=6.616, loss_scale=16, train_wall=3, cuda_gb_allocated=11.2, cuda_gb_reserved=11.7, cuda_gb_free=12.5, wall=74
2022-05-18 12:43:09 - progress_bar.py[line:272] - INFO: epoch 001:     10 / 8856 loss=3.887, loss_v1=0, loss_v2=0, nll_loss=1.876, ntokens=782, nsentences=64, sample_size=782, inner_loss=3.093, moe_gate_loss=0.794, overflow_expert1=0, overflow_expert2=0, entropy_gating=1.382, expert1_balance_top=33.264, expert1_balance_bottom=18.037, unused_expert1_count=0, expert2_balance_top=0, expert2_balance_bottom=0, unused_expert2_count=0, all_to_all_cpu_time_ms=0, all_to_all_cuda_time_ms=0, ppl=3.67, wps=201.1, ups=0.26, wpb=782, bsz=64, num_updates=7, lr=1.31827e-07, gnorm=5.214, loss_scale=16, train_wall=4, cuda_gb_allocated=11.2, cuda_gb_reserved=11.7, cuda_gb_free=12.5, wall=78
2022-05-18 12:43:12 - progress_bar.py[line:272] - INFO: epoch 001:     11 / 8856 loss=3.963, loss_v1=0, loss_v2=0, nll_loss=1.927, ntokens=722, nsentences=64, sample_size=722, inner_loss=3.144, moe_gate_loss=0.819, overflow_expert1=0, overflow_expert2=0, entropy_gating=1.382, expert1_balance_top=33.156, expert1_balance_bottom=18.136, unused_expert1_count=0, expert2_balance_top=0, expert2_balance_bottom=0, unused_expert2_count=0, all_to_all_cpu_time_ms=0, all_to_all_cuda_time_ms=0, ppl=3.8, wps=238.5, ups=0.33, wpb=722, bsz=64, num_updates=8, lr=1.50659e-07, gnorm=5.669, loss_scale=16, train_wall=3, cuda_gb_allocated=11.2, cuda_gb_reserved=11.7, cuda_gb_free=12.5, wall=81
2022-05-18 12:43:15 - progress_bar.py[line:272] - INFO: epoch 001:     12 / 8856 loss=4.265, loss_v1=0, loss_v2=0, nll_loss=2.256, ntokens=746, nsentences=64, sample_size=746, inner_loss=3.44, moe_gate_loss=0.825, overflow_expert1=0, overflow_expert2=0, entropy_gating=1.382, expert1_balance_top=31.745, expert1_balance_bottom=18.121, unused_expert1_count=0, expert2_balance_top=0, expert2_balance_bottom=0, unused_expert2_count=0, all_to_all_cpu_time_ms=0, all_to_all_cuda_time_ms=0, ppl=4.78, wps=248.7, ups=0.33, wpb=746, bsz=64, num_updates=9, lr=1.69492e-07, gnorm=7.263, loss_scale=16, train_wall=3, cuda_gb_allocated=11.2, cuda_gb_reserved=11.7, cuda_gb_free=12.5, wall=84
2022-05-18 12:43:18 - progress_bar.py[line:272] - INFO: epoch 001:     13 / 8856 loss=4.204, loss_v1=0, loss_v2=0, nll_loss=2.318, ntokens=770, nsentences=64, sample_size=770, inner_loss=3.495, moe_gate_loss=0.708, overflow_expert1=0, overflow_expert2=0, entropy_gating=1.379, expert1_balance_top=39.987, expert1_balance_bottom=15.787, unused_expert1_count=0, expert2_balance_top=0, expert2_balance_bottom=0, unused_expert2_count=0, all_to_all_cpu_time_ms=0, all_to_all_cuda_time_ms=0, ppl=4.99, wps=254.3, ups=0.33, wpb=770, bsz=64, num_updates=10, lr=1.88324e-07, gnorm=6.693, loss_scale=16, train_wall=3, cuda_gb_allocated=11.2, cuda_gb_reserved=11.7, cuda_gb_free=12.5, wall=87
2022-05-18 12:43:21 - progress_bar.py[line:272] - INFO: epoch 001:     14 / 8856 loss=4.205, loss_v1=0, loss_v2=0, nll_loss=2.277, ntokens=779, nsentences=64, sample_size=779, inner_loss=3.467, moe_gate_loss=0.738, overflow_expert1=0, overflow_expert2=0, entropy_gating=1.381, expert1_balance_top=37.698, expert1_balance_bottom=17.563, unused_expert1_count=0, expert2_balance_top=0, expert2_balance_bottom=0, unused_expert2_count=0, all_to_all_cpu_time_ms=0, all_to_all_cuda_time_ms=0, ppl=4.85, wps=255.3, ups=0.33, wpb=779, bsz=64, num_updates=11, lr=2.07156e-07, gnorm=7.148, loss_scale=16, train_wall=3, cuda_gb_allocated=11.2, cuda_gb_reserved=11.7, cuda_gb_free=12.5, wall=90
2022-05-18 12:43:24 - progress_bar.py[line:272] - INFO: epoch 001:     15 / 8856 loss=3.908, loss_v1=0, loss_v2=0, nll_loss=1.907, ntokens=726, nsentences=64, sample_size=726, inner_loss=3.119, moe_gate_loss=0.789, overflow_expert1=0, overflow_expert2=0, entropy_gating=1.381, expert1_balance_top=35.489, expert1_balance_bottom=16.307, unused_expert1_count=0, expert2_balance_top=0, expert2_balance_bottom=0, unused_expert2_count=0, all_to_all_cpu_time_ms=0, all_to_all_cuda_time_ms=0, ppl=3.75, wps=236.8, ups=0.33, wpb=726, bsz=64, num_updates=12, lr=2.25989e-07, gnorm=6.104, loss_scale=16, train_wall=3, cuda_gb_allocated=11.2, cuda_gb_reserved=11.7, cuda_gb_free=12.5, wall=93
2022-05-18 12:43:27 - progress_bar.py[line:272] - INFO: epoch 001:     16 / 8856 loss=3.977, loss_v1=0, loss_v2=0, nll_loss=2.003, ntokens=772, nsentences=64, sample_size=772, inner_loss=3.206, moe_gate_loss=0.771, overflow_expert1=0, overflow_expert2=0, entropy_gating=1.381, expert1_balance_top=35.74, expert1_balance_bottom=17.13, unused_expert1_count=0, expert2_balance_top=0, expert2_balance_bottom=0, unused_expert2_count=0, all_to_all_cpu_time_ms=0, all_to_all_cuda_time_ms=0, ppl=4.01, wps=249.4, ups=0.32, wpb=772, bsz=64, num_updates=13, lr=2.44821e-07, gnorm=5.05, loss_scale=16, train_wall=3, cuda_gb_allocated=11.2, cuda_gb_reserved=11.7, cuda_gb_free=12.5, wall=96
2022-05-18 12:43:30 - progress_bar.py[line:272] - INFO: epoch 001:     17 / 8856 loss=3.917, loss_v1=0, loss_v2=0, nll_loss=1.937, ntokens=739, nsentences=64, sample_size=739, inner_loss=3.156, moe_gate_loss=0.762, overflow_expert1=0, overflow_expert2=0, entropy_gating=1.38, expert1_balance_top=38.855, expert1_balance_bottom=16.388, unused_expert1_count=0, expert2_balance_top=0, expert2_balance_bottom=0, unused_expert2_count=0, all_to_all_cpu_time_ms=0, all_to_all_cuda_time_ms=0, ppl=3.83, wps=244, ups=0.33, wpb=739, bsz=64, num_updates=14, lr=2.63653e-07, gnorm=5.742, loss_scale=16, train_wall=3, cuda_gb_allocated=11.2, cuda_gb_reserved=11.7, cuda_gb_free=12.5, wall=99
2022-05-18 12:43:33 - progress_bar.py[line:272] - INFO: epoch 001:     18 / 8856 loss=4.153, loss_v1=0, loss_v2=0, nll_loss=2.169, ntokens=776, nsentences=64, sample_size=776, inner_loss=3.36, moe_gate_loss=0.793, overflow_expert1=0, overflow_expert2=0, entropy_gating=1.382, expert1_balance_top=34.256, expert1_balance_bottom=17.881, unused_expert1_count=0, expert2_balance_top=0, expert2_balance_bottom=0, unused_expert2_count=0, all_to_all_cpu_time_ms=0, all_to_all_cuda_time_ms=0, ppl=4.5, wps=258.6, ups=0.33, wpb=776, bsz=64, num_updates=15, lr=2.82486e-07, gnorm=5.575, loss_scale=16, train_wall=3, cuda_gb_allocated=11.2, cuda_gb_reserved=11.7, cuda_gb_free=12.5, wall=102
2022-05-18 12:43:36 - progress_bar.py[line:272] - INFO: epoch 001:     19 / 8856 loss=4.028, loss_v1=0, loss_v2=0, nll_loss=2.053, ntokens=748, nsentences=64, sample_size=748, inner_loss=3.251, moe_gate_loss=0.777, overflow_expert1=0, overflow_expert2=0, entropy_gating=1.381, expert1_balance_top=33.041, expert1_balance_bottom=17.705, unused_expert1_count=0, expert2_balance_top=0, expert2_balance_bottom=0, unused_expert2_count=0, all_to_all_cpu_time_ms=0, all_to_all_cuda_time_ms=0, ppl=4.15, wps=244.1, ups=0.33, wpb=748, bsz=64, num_updates=16, lr=3.01318e-07, gnorm=6.623, loss_scale=16, train_wall=3, cuda_gb_allocated=11.2, cuda_gb_reserved=11.7, cuda_gb_free=12.5, wall=105
2022-05-18 12:43:39 - progress_bar.py[line:272] - INFO: epoch 001:     20 / 8856 loss=3.949, loss_v1=0, loss_v2=0, nll_loss=2.018, ntokens=766, nsentences=64, sample_size=766, inner_loss=3.231, moe_gate_loss=0.718, overflow_expert1=0, overflow_expert2=0, entropy_gating=1.38, expert1_balance_top=36.53, expert1_balance_bottom=15.537, unused_expert1_count=0, expert2_balance_top=0, expert2_balance_bottom=0, unused_expert2_count=0, all_to_all_cpu_time_ms=0, all_to_all_cuda_time_ms=0, ppl=4.05, wps=240.9, ups=0.31, wpb=766, bsz=64, num_updates=17, lr=3.20151e-07, gnorm=5.36, loss_scale=16, train_wall=3, cuda_gb_allocated=11.2, cuda_gb_reserved=11.7, cuda_gb_free=12.5, wall=108
2022-05-18 12:43:43 - progress_bar.py[line:272] - INFO: epoch 001:     21 / 8856 loss=4.133, loss_v1=0, loss_v2=0, nll_loss=2.144, ntokens=697, nsentences=64, sample_size=697, inner_loss=3.345, moe_gate_loss=0.788, overflow_expert1=0, overflow_expert2=0, entropy_gating=1.382, expert1_balance_top=35.115, expert1_balance_bottom=16.467, unused_expert1_count=0, expert2_balance_top=0, expert2_balance_bottom=0, unused_expert2_count=0, all_to_all_cpu_time_ms=0, all_to_all_cuda_time_ms=0, ppl=4.42, wps=176.4, ups=0.25, wpb=697, bsz=64, num_updates=18, lr=3.38983e-07, gnorm=5.368, loss_scale=16, train_wall=4, cuda_gb_allocated=11.2, cuda_gb_reserved=11.7, cuda_gb_free=12.5, wall=112
2022-05-18 12:43:46 - progress_bar.py[line:272] - INFO: epoch 001:     22 / 8856 loss=3.969, loss_v1=0, loss_v2=0, nll_loss=1.998, ntokens=726, nsentences=64, sample_size=726, inner_loss=3.203, moe_gate_loss=0.766, overflow_expert1=0, overflow_expert2=0, entropy_gating=1.382, expert1_balance_top=34.651, expert1_balance_bottom=16.862, unused_expert1_count=0, expert2_balance_top=0, expert2_balance_bottom=0, unused_expert2_count=0, all_to_all_cpu_time_ms=0, all_to_all_cuda_time_ms=0, ppl=3.99, wps=242.8, ups=0.33, wpb=726, bsz=64, num_updates=19, lr=3.57815e-07, gnorm=5.205, loss_scale=16, train_wall=3, cuda_gb_allocated=11.2, cuda_gb_reserved=11.7, cuda_gb_free=12.5, wall=115
2022-05-18 12:43:49 - progress_bar.py[line:272] - INFO: epoch 001:     23 / 8856 loss=4.089, loss_v1=0, loss_v2=0, nll_loss=2.123, ntokens=758, nsentences=64, sample_size=758, inner_loss=3.321, moe_gate_loss=0.767, overflow_expert1=0, overflow_expert2=0, entropy_gating=1.381, expert1_balance_top=37.327, expert1_balance_bottom=17.111, unused_expert1_count=0, expert2_balance_top=0, expert2_balance_bottom=0, unused_expert2_count=0, all_to_all_cpu_time_ms=0, all_to_all_cuda_time_ms=0, ppl=4.35, wps=239.4, ups=0.32, wpb=758, bsz=64, num_updates=20, lr=3.76648e-07, gnorm=6.713, loss_scale=16, train_wall=3, cuda_gb_allocated=11.2, cuda_gb_reserved=11.7, cuda_gb_free=12.5, wall=118
2022-05-18 12:43:52 - progress_bar.py[line:272] - INFO: epoch 001:     24 / 8856 loss=3.941, loss_v1=0, loss_v2=0, nll_loss=1.981, ntokens=774, nsentences=64, sample_size=774, inner_loss=3.193, moe_gate_loss=0.747, overflow_expert1=0, overflow_expert2=0, entropy_gating=1.38, expert1_balance_top=35.638, expert1_balance_bottom=18.709, unused_expert1_count=0, expert2_balance_top=0, expert2_balance_bottom=0, unused_expert2_count=0, all_to_all_cpu_time_ms=0, all_to_all_cuda_time_ms=0, ppl=3.95, wps=250.4, ups=0.32, wpb=774, bsz=64, num_updates=21, lr=3.9548e-07, gnorm=5.266, loss_scale=16, train_wall=3, cuda_gb_allocated=11.2, cuda_gb_reserved=11.7, cuda_gb_free=12.5, wall=121
2022-05-18 12:43:55 - progress_bar.py[line:272] - INFO: epoch 001:     25 / 8856 loss=3.911, loss_v1=0, loss_v2=0, nll_loss=1.96, ntokens=771, nsentences=64, sample_size=771, inner_loss=3.171, moe_gate_loss=0.74, overflow_expert1=0, overflow_expert2=0, entropy_gating=1.38, expert1_balance_top=33.817, expert1_balance_bottom=18.872, unused_expert1_count=0, expert2_balance_top=0, expert2_balance_bottom=0, unused_expert2_count=0, all_to_all_cpu_time_ms=0, all_to_all_cuda_time_ms=0, ppl=3.89, wps=242.2, ups=0.31, wpb=771, bsz=64, num_updates=22, lr=4.14313e-07, gnorm=5.567, loss_scale=16, train_wall=3, cuda_gb_allocated=11.2, cuda_gb_reserved=11.7, cuda_gb_free=12.5, wall=125
2022-05-18 12:43:59 - progress_bar.py[line:272] - INFO: epoch 001:     26 / 8856 loss=3.983, loss_v1=0, loss_v2=0, nll_loss=2.039, ntokens=760, nsentences=64, sample_size=760, inner_loss=3.244, moe_gate_loss=0.74, overflow_expert1=0, overflow_expert2=0, entropy_gating=1.379, expert1_balance_top=35.941, expert1_balance_bottom=17.344, unused_expert1_count=0, expert2_balance_top=0, expert2_balance_bottom=0, unused_expert2_count=0, all_to_all_cpu_time_ms=0, all_to_all_cuda_time_ms=0, ppl=4.11, wps=237, ups=0.31, wpb=760, bsz=64, num_updates=23, lr=4.33145e-07, gnorm=5.713, loss_scale=16, train_wall=3, cuda_gb_allocated=11.2, cuda_gb_reserved=11.7, cuda_gb_free=12.5, wall=128
2022-05-18 12:44:02 - progress_bar.py[line:272] - INFO: epoch 001:     27 / 8856 loss=3.983, loss_v1=0, loss_v2=0, nll_loss=1.992, ntokens=816, nsentences=64, sample_size=816, inner_loss=3.204, moe_gate_loss=0.779, overflow_expert1=0, overflow_expert2=0, entropy_gating=1.382, expert1_balance_top=34.768, expert1_balance_bottom=17.027, unused_expert1_count=0, expert2_balance_top=0, expert2_balance_bottom=0, unused_expert2_count=0, all_to_all_cpu_time_ms=0, all_to_all_cuda_time_ms=0, ppl=3.98, wps=262.4, ups=0.32, wpb=816, bsz=64, num_updates=24, lr=4.51977e-07, gnorm=6.73, loss_scale=16, train_wall=3, cuda_gb_allocated=11.2, cuda_gb_reserved=11.7, cuda_gb_free=12.5, wall=131
2022-05-18 12:44:05 - progress_bar.py[line:272] - INFO: epoch 001:     28 / 8856 loss=3.88, loss_v1=0, loss_v2=0, nll_loss=1.874, ntokens=738, nsentences=64, sample_size=738, inner_loss=3.092, moe_gate_loss=0.787, overflow_expert1=0, overflow_expert2=0, entropy_gating=1.382, expert1_balance_top=33.043, expert1_balance_bottom=18.69, unused_expert1_count=0, expert2_balance_top=0, expert2_balance_bottom=0, unused_expert2_count=0, all_to_all_cpu_time_ms=0, all_to_all_cuda_time_ms=0, ppl=3.66, wps=233.6, ups=0.32, wpb=738, bsz=64, num_updates=25, lr=4.7081e-07, gnorm=5.265, loss_scale=16, train_wall=3, cuda_gb_allocated=11.2, cuda_gb_reserved=11.7, cuda_gb_free=12.5, wall=134
2022-05-18 12:44:08 - progress_bar.py[line:272] - INFO: epoch 001:     29 / 8856 loss=3.755, loss_v1=0, loss_v2=0, nll_loss=1.787, ntokens=779, nsentences=64, sample_size=779, inner_loss=3.016, moe_gate_loss=0.739, overflow_expert1=0, overflow_expert2=0, entropy_gating=1.38, expert1_balance_top=36.831, expert1_balance_bottom=17.37, unused_expert1_count=0, expert2_balance_top=0, expert2_balance_bottom=0, unused_expert2_count=0, all_to_all_cpu_time_ms=0, all_to_all_cuda_time_ms=0, ppl=3.45, wps=242.7, ups=0.31, wpb=779, bsz=64, num_updates=26, lr=4.89642e-07, gnorm=4.945, loss_scale=16, train_wall=3, cuda_gb_allocated=11.2, cuda_gb_reserved=11.7, cuda_gb_free=12.5, wall=137
2022-05-18 12:44:11 - progress_bar.py[line:272] - INFO: epoch 001:     30 / 8856 loss=3.929, loss_v1=0, loss_v2=0, nll_loss=1.877, ntokens=780, nsentences=64, sample_size=780, inner_loss=3.1, moe_gate_loss=0.829, overflow_expert1=0, overflow_expert2=0, entropy_gating=1.382, expert1_balance_top=32.541, expert1_balance_bottom=18.364, unused_expert1_count=0, expert2_balance_top=0, expert2_balance_bottom=0, unused_expert2_count=0, all_to_all_cpu_time_ms=0, all_to_all_cuda_time_ms=0, ppl=3.67, wps=251, ups=0.32, wpb=780, bsz=64, num_updates=27, lr=5.08475e-07, gnorm=5.914, loss_scale=16, train_wall=3, cuda_gb_allocated=11.2, cuda_gb_reserved=11.7, cuda_gb_free=12.5, wall=140
2022-05-18 12:44:14 - progress_bar.py[line:272] - INFO: epoch 001:     31 / 8856 loss=4.003, loss_v1=0, loss_v2=0, nll_loss=2.01, ntokens=787, nsentences=64, sample_size=787, inner_loss=3.214, moe_gate_loss=0.789, overflow_expert1=0, overflow_expert2=0, entropy_gating=1.382, expert1_balance_top=33.462, expert1_balance_bottom=17.556, unused_expert1_count=0, expert2_balance_top=0, expert2_balance_bottom=0, unused_expert2_count=0, all_to_all_cpu_time_ms=0, all_to_all_cuda_time_ms=0, ppl=4.03, wps=253.9, ups=0.32, wpb=787, bsz=64, num_updates=28, lr=5.27307e-07, gnorm=5.831, loss_scale=16, train_wall=3, cuda_gb_allocated=11.2, cuda_gb_reserved=11.7, cuda_gb_free=12.5, wall=143
2022-05-18 12:44:17 - progress_bar.py[line:272] - INFO: epoch 001:     32 / 8856 loss=4.2, loss_v1=0, loss_v2=0, nll_loss=2.214, ntokens=735, nsentences=64, sample_size=735, inner_loss=3.41, moe_gate_loss=0.791, overflow_expert1=0, overflow_expert2=0, entropy_gating=1.382, expert1_balance_top=30.618, expert1_balance_bottom=17.831, unused_expert1_count=0, expert2_balance_top=0, expert2_balance_bottom=0, unused_expert2_count=0, all_to_all_cpu_time_ms=0, all_to_all_cuda_time_ms=0, ppl=4.64, wps=239.6, ups=0.33, wpb=735, bsz=64, num_updates=29, lr=5.46139e-07, gnorm=6.523, loss_scale=16, train_wall=3, cuda_gb_allocated=11.2, cuda_gb_reserved=11.7, cuda_gb_free=12.5, wall=147
2022-05-18 12:44:22 - progress_bar.py[line:272] - INFO: epoch 001:     33 / 8856 loss=4.04, loss_v1=0, loss_v2=0, nll_loss=2.092, ntokens=811, nsentences=64, sample_size=811, inner_loss=3.295, moe_gate_loss=0.745, overflow_expert1=0, overflow_expert2=0, entropy_gating=1.379, expert1_balance_top=39.364, expert1_balance_bottom=15.936, unused_expert1_count=0, expert2_balance_top=0, expert2_balance_bottom=0, unused_expert2_count=0, all_to_all_cpu_time_ms=0, all_to_all_cuda_time_ms=0, ppl=4.26, wps=193.8, ups=0.24, wpb=811, bsz=64, num_updates=30, lr=5.64972e-07, gnorm=6.232, loss_scale=16, train_wall=3, cuda_gb_allocated=11.2, cuda_gb_reserved=11.7, cuda_gb_free=12.5, wall=151
2022-05-18 12:44:26 - progress_bar.py[line:272] - INFO: epoch 001:     34 / 8856 loss=4.198, loss_v1=0, loss_v2=0, nll_loss=2.295, ntokens=791, nsentences=64, sample_size=791, inner_loss=3.469, moe_gate_loss=0.729, overflow_expert1=0, overflow_expert2=0, entropy_gating=1.38, expert1_balance_top=37.163, expert1_balance_bottom=17.355, unused_expert1_count=0, expert2_balance_top=0, expert2_balance_bottom=0, unused_expert2_count=0, all_to_all_cpu_time_ms=0, all_to_all_cuda_time_ms=0, ppl=4.91, wps=188.5, ups=0.24, wpb=791, bsz=64, num_updates=31, lr=5.83804e-07, gnorm=6.604, loss_scale=16, train_wall=3, cuda_gb_allocated=11.2, cuda_gb_reserved=11.7, cuda_gb_free=12.5, wall=155
Killing subprocess 4429
Main process received SIGINT, exiting
